::1 - - [28/Dec/2022:02:53:54 +0000] "GET / HTTP/1.1" 304 -
::1 - - [28/Dec/2022:02:53:54 +0000] "GET /public/vendor/fontawesome-free/css/all.min.css HTTP/1.1" 304 -
::1 - - [28/Dec/2022:02:53:54 +0000] "GET /public/css/sb-admin-2.min.css HTTP/1.1" 304 -
::1 - - [28/Dec/2022:02:53:54 +0000] "GET /public/vendor/jquery/jquery.min.js HTTP/1.1" 304 -
::1 - - [28/Dec/2022:02:53:54 +0000] "GET /public/vendor/bootstrap/js/bootstrap.bundle.min.js HTTP/1.1" 304 -
::1 - - [28/Dec/2022:02:53:54 +0000] "GET /public/vendor/jquery-easing/jquery.easing.min.js HTTP/1.1" 304 -
::1 - - [28/Dec/2022:02:53:54 +0000] "GET /public/js/sb-admin-2.min.js HTTP/1.1" 304 -
::1 - - [28/Dec/2022:02:53:54 +0000] "GET /public/img/4002758.jpg HTTP/1.1" 304 -
::1 - - [28/Dec/2022:02:53:54 +0000] "GET /favicon.ico HTTP/1.1" 404 150
::1 - - [28/Dec/2022:02:54:00 +0000] "POST /dashboard HTTP/1.1" 200 235523
::1 - - [28/Dec/2022:02:54:01 +0000] "GET /public/vendor/fontawesome-free/css/all.min.css HTTP/1.1" 304 -
::1 - - [28/Dec/2022:02:54:01 +0000] "GET /public/css/sb-admin-2.min.css HTTP/1.1" 304 -
::1 - - [28/Dec/2022:02:54:01 +0000] "GET /public/css/style.css HTTP/1.1" 304 -
::1 - - [28/Dec/2022:02:54:01 +0000] "GET /public/vendor/datatables/dataTables.bootstrap4.min.css HTTP/1.1" 304 -
::1 - - [28/Dec/2022:02:54:01 +0000] "GET /public/vendor/jquery/jquery.min.js HTTP/1.1" 304 -
::1 - - [28/Dec/2022:02:54:01 +0000] "GET /public/vendor/bootstrap/js/bootstrap.bundle.min.js HTTP/1.1" 304 -
::1 - - [28/Dec/2022:02:54:01 +0000] "GET /public/vendor/jquery-easing/jquery.easing.min.js HTTP/1.1" 304 -
::1 - - [28/Dec/2022:02:54:01 +0000] "GET /public/js/sb-admin-2.min.js HTTP/1.1" 304 -
::1 - - [28/Dec/2022:02:54:01 +0000] "GET /public/vendor/datatables/dataTables.bootstrap4.min.js HTTP/1.1" 304 -
::1 - - [28/Dec/2022:02:54:01 +0000] "GET /public/vendor/datatables/jquery.dataTables.min.js HTTP/1.1" 304 -
::1 - - [28/Dec/2022:02:54:01 +0000] "GET /public/js/demo/datatables-demo.js HTTP/1.1" 304 -
::1 - - [28/Dec/2022:02:54:01 +0000] "GET /public/js/clock.js HTTP/1.1" 304 -
::1 - - [28/Dec/2022:02:54:01 +0000] "GET /public/js/newinventory.js HTTP/1.1" 304 -
::1 - - [28/Dec/2022:02:54:01 +0000] "GET /public/js/logout.js HTTP/1.1" 304 -
::1 - - [28/Dec/2022:02:54:01 +0000] "GET /public/img/undraw_profile.svg HTTP/1.1" 304 -
::1 - - [28/Dec/2022:02:54:01 +0000] "GET /public/vendor/fontawesome-free/webfonts/fa-solid-900.woff2 HTTP/1.1" 304 -
::1 - - [28/Dec/2022:02:54:16 +0000] "GET /moh-list HTTP/1.1" 200 68115
::1 - - [28/Dec/2022:02:54:16 +0000] "GET /public/vendor/fontawesome-free/css/all.min.css HTTP/1.1" 304 -
::1 - - [28/Dec/2022:02:54:16 +0000] "GET /public/css/sb-admin-2.min.css HTTP/1.1" 304 -
::1 - - [28/Dec/2022:02:54:16 +0000] "GET /public/css/style.css HTTP/1.1" 304 -
::1 - - [28/Dec/2022:02:54:16 +0000] "GET /public/vendor/datatables/dataTables.bootstrap4.min.css HTTP/1.1" 304 -
::1 - - [28/Dec/2022:02:54:16 +0000] "GET /public/vendor/jquery/jquery.min.js HTTP/1.1" 304 -
::1 - - [28/Dec/2022:02:54:16 +0000] "GET /public/vendor/bootstrap/js/bootstrap.bundle.min.js HTTP/1.1" 304 -
::1 - - [28/Dec/2022:02:54:16 +0000] "GET /public/vendor/jquery-easing/jquery.easing.min.js HTTP/1.1" 304 -
::1 - - [28/Dec/2022:02:54:16 +0000] "GET /public/js/sb-admin-2.min.js HTTP/1.1" 304 -
::1 - - [28/Dec/2022:02:54:16 +0000] "GET /public/vendor/datatables/jquery.dataTables.min.js HTTP/1.1" 304 -
::1 - - [28/Dec/2022:02:54:16 +0000] "GET /public/vendor/datatables/dataTables.bootstrap4.min.js HTTP/1.1" 304 -
::1 - - [28/Dec/2022:02:54:16 +0000] "GET /public/js/demo/datatables-demo.js HTTP/1.1" 304 -
::1 - - [28/Dec/2022:02:54:16 +0000] "GET /public/js/clock.js HTTP/1.1" 304 -
::1 - - [28/Dec/2022:02:54:16 +0000] "GET /public/js/newinventory.js HTTP/1.1" 304 -
::1 - - [28/Dec/2022:02:54:16 +0000] "GET /public/js/logout.js HTTP/1.1" 304 -
::1 - - [28/Dec/2022:02:54:16 +0000] "GET /public/img/undraw_profile.svg HTTP/1.1" 304 -
::1 - - [28/Dec/2022:02:54:16 +0000] "GET /public/js/data.js HTTP/1.1" 200 4588
::1 - - [28/Dec/2022:02:54:20 +0000] "GET /moh-in HTTP/1.1" 304 -
::1 - - [28/Dec/2022:02:54:20 +0000] "GET /public/vendor/fontawesome-free/css/all.min.css HTTP/1.1" 304 -
::1 - - [28/Dec/2022:02:54:20 +0000] "GET /public/css/sb-admin-2.min.css HTTP/1.1" 304 -
::1 - - [28/Dec/2022:02:54:20 +0000] "GET /public/css/style.css HTTP/1.1" 304 -
::1 - - [28/Dec/2022:02:54:20 +0000] "GET /public/vendor/datatables/dataTables.bootstrap4.min.css HTTP/1.1" 304 -
::1 - - [28/Dec/2022:02:54:20 +0000] "GET /public/vendor/jquery/jquery.min.js HTTP/1.1" 304 -
::1 - - [28/Dec/2022:02:54:20 +0000] "GET /public/vendor/bootstrap/js/bootstrap.bundle.min.js HTTP/1.1" 304 -
::1 - - [28/Dec/2022:02:54:20 +0000] "GET /public/vendor/jquery-easing/jquery.easing.min.js HTTP/1.1" 304 -
::1 - - [28/Dec/2022:02:54:20 +0000] "GET /public/js/sb-admin-2.min.js HTTP/1.1" 304 -
::1 - - [28/Dec/2022:02:54:20 +0000] "GET /public/vendor/datatables/jquery.dataTables.min.js HTTP/1.1" 304 -
::1 - - [28/Dec/2022:02:54:20 +0000] "GET /public/vendor/datatables/dataTables.bootstrap4.min.js HTTP/1.1" 304 -
::1 - - [28/Dec/2022:02:54:20 +0000] "GET /public/img/undraw_profile.svg HTTP/1.1" 304 -
::1 - - [28/Dec/2022:02:54:20 +0000] "GET /public/js/demo/datatables-demo.js HTTP/1.1" 304 -
::1 - - [28/Dec/2022:02:54:20 +0000] "GET /public/js/clock.js HTTP/1.1" 304 -
::1 - - [28/Dec/2022:02:54:20 +0000] "GET /public/js/newinventory.js HTTP/1.1" 304 -
::1 - - [28/Dec/2022:02:54:20 +0000] "GET /public/js/logout.js HTTP/1.1" 304 -
::1 - - [28/Dec/2022:02:54:22 +0000] "GET /dashboard HTTP/1.1" 200 235523
::1 - - [28/Dec/2022:02:54:22 +0000] "GET /public/vendor/fontawesome-free/css/all.min.css HTTP/1.1" 304 -
::1 - - [28/Dec/2022:02:54:22 +0000] "GET /public/css/sb-admin-2.min.css HTTP/1.1" 304 -
::1 - - [28/Dec/2022:02:54:22 +0000] "GET /public/css/style.css HTTP/1.1" 304 -
::1 - - [28/Dec/2022:02:54:22 +0000] "GET /public/vendor/datatables/dataTables.bootstrap4.min.css HTTP/1.1" 304 -
::1 - - [28/Dec/2022:02:54:22 +0000] "GET /public/vendor/jquery/jquery.min.js HTTP/1.1" 304 -
::1 - - [28/Dec/2022:02:54:22 +0000] "GET /public/vendor/bootstrap/js/bootstrap.bundle.min.js HTTP/1.1" 304 -
::1 - - [28/Dec/2022:02:54:22 +0000] "GET /public/vendor/jquery-easing/jquery.easing.min.js HTTP/1.1" 304 -
::1 - - [28/Dec/2022:02:54:22 +0000] "GET /public/js/sb-admin-2.min.js HTTP/1.1" 304 -
::1 - - [28/Dec/2022:02:54:22 +0000] "GET /public/vendor/datatables/jquery.dataTables.min.js HTTP/1.1" 304 -
::1 - - [28/Dec/2022:02:54:22 +0000] "GET /public/vendor/datatables/dataTables.bootstrap4.min.js HTTP/1.1" 304 -
::1 - - [28/Dec/2022:02:54:22 +0000] "GET /public/js/demo/datatables-demo.js HTTP/1.1" 304 -
::1 - - [28/Dec/2022:02:54:22 +0000] "GET /public/js/clock.js HTTP/1.1" 304 -
::1 - - [28/Dec/2022:02:54:22 +0000] "GET /public/js/newinventory.js HTTP/1.1" 304 -
::1 - - [28/Dec/2022:02:54:22 +0000] "GET /public/js/logout.js HTTP/1.1" 304 -
::1 - - [28/Dec/2022:02:54:22 +0000] "GET /public/img/undraw_profile.svg HTTP/1.1" 304 -
::1 - - [28/Dec/2022:02:54:23 +0000] "GET /dashboard HTTP/1.1" 304 -
::1 - - [28/Dec/2022:02:54:23 +0000] "GET /public/vendor/fontawesome-free/css/all.min.css HTTP/1.1" 304 -
::1 - - [28/Dec/2022:02:54:23 +0000] "GET /public/css/sb-admin-2.min.css HTTP/1.1" 304 -
::1 - - [28/Dec/2022:02:54:23 +0000] "GET /public/css/style.css HTTP/1.1" 304 -
::1 - - [28/Dec/2022:02:54:23 +0000] "GET /public/vendor/datatables/dataTables.bootstrap4.min.css HTTP/1.1" 304 -
::1 - - [28/Dec/2022:02:54:23 +0000] "GET /public/vendor/jquery/jquery.min.js HTTP/1.1" 304 -
::1 - - [28/Dec/2022:02:54:23 +0000] "GET /public/vendor/bootstrap/js/bootstrap.bundle.min.js HTTP/1.1" 304 -
::1 - - [28/Dec/2022:02:54:23 +0000] "GET /public/vendor/jquery-easing/jquery.easing.min.js HTTP/1.1" 304 -
::1 - - [28/Dec/2022:02:54:23 +0000] "GET /public/js/sb-admin-2.min.js HTTP/1.1" 304 -
::1 - - [28/Dec/2022:02:54:23 +0000] "GET /public/vendor/datatables/jquery.dataTables.min.js HTTP/1.1" 304 -
::1 - - [28/Dec/2022:02:54:23 +0000] "GET /public/vendor/datatables/dataTables.bootstrap4.min.js HTTP/1.1" 304 -
::1 - - [28/Dec/2022:02:54:23 +0000] "GET /public/js/demo/datatables-demo.js HTTP/1.1" 304 -
::1 - - [28/Dec/2022:02:54:23 +0000] "GET /public/js/clock.js HTTP/1.1" 304 -
::1 - - [28/Dec/2022:02:54:23 +0000] "GET /public/js/newinventory.js HTTP/1.1" 304 -
::1 - - [28/Dec/2022:02:54:23 +0000] "GET /public/js/logout.js HTTP/1.1" 304 -
::1 - - [28/Dec/2022:02:54:23 +0000] "GET /public/img/undraw_profile.svg HTTP/1.1" 304 -
::ffff:127.0.0.1 - - [28/Dec/2022:03:04:30 +0000] "GET /error HTTP/1.1" 500 2257
::1 - - [28/Dec/2022:03:05:23 +0000] "GET /dashboard HTTP/1.1" - -
::1 - - [28/Dec/2022:03:05:23 +0000] "GET / HTTP/1.1" 304 -
::1 - - [28/Dec/2022:03:05:23 +0000] "GET /public/vendor/fontawesome-free/css/all.min.css HTTP/1.1" 304 -
::1 - - [28/Dec/2022:03:05:23 +0000] "GET /public/css/sb-admin-2.min.css HTTP/1.1" 304 -
::1 - - [28/Dec/2022:03:05:23 +0000] "GET /public/vendor/jquery/jquery.min.js HTTP/1.1" 304 -
::1 - - [28/Dec/2022:03:05:23 +0000] "GET /public/vendor/jquery-easing/jquery.easing.min.js HTTP/1.1" 304 -
::1 - - [28/Dec/2022:03:05:23 +0000] "GET /public/vendor/bootstrap/js/bootstrap.bundle.min.js HTTP/1.1" 304 -
::1 - - [28/Dec/2022:03:05:23 +0000] "GET /public/js/sb-admin-2.min.js HTTP/1.1" 304 -
::1 - - [28/Dec/2022:03:05:23 +0000] "GET /public/img/4002758.jpg HTTP/1.1" 304 -
::1 - - [28/Dec/2022:03:05:37 +0000] "POST /dashboard HTTP/1.1" 200 235523
::1 - - [28/Dec/2022:03:05:37 +0000] "GET /public/vendor/fontawesome-free/css/all.min.css HTTP/1.1" 304 -
::1 - - [28/Dec/2022:03:05:38 +0000] "GET /public/css/sb-admin-2.min.css HTTP/1.1" 304 -
::1 - - [28/Dec/2022:03:05:38 +0000] "GET /public/css/style.css HTTP/1.1" 304 -
::1 - - [28/Dec/2022:03:05:38 +0000] "GET /public/vendor/datatables/dataTables.bootstrap4.min.css HTTP/1.1" 304 -
::1 - - [28/Dec/2022:03:05:38 +0000] "GET /public/vendor/jquery/jquery.min.js HTTP/1.1" 304 -
::1 - - [28/Dec/2022:03:05:38 +0000] "GET /public/vendor/bootstrap/js/bootstrap.bundle.min.js HTTP/1.1" 304 -
::1 - - [28/Dec/2022:03:05:38 +0000] "GET /public/vendor/jquery-easing/jquery.easing.min.js HTTP/1.1" 304 -
::1 - - [28/Dec/2022:03:05:38 +0000] "GET /public/js/sb-admin-2.min.js HTTP/1.1" 304 -
::1 - - [28/Dec/2022:03:05:38 +0000] "GET /public/vendor/datatables/jquery.dataTables.min.js HTTP/1.1" 304 -
::1 - - [28/Dec/2022:03:05:38 +0000] "GET /public/vendor/datatables/dataTables.bootstrap4.min.js HTTP/1.1" 304 -
::1 - - [28/Dec/2022:03:05:38 +0000] "GET /public/js/clock.js HTTP/1.1" 304 -
::1 - - [28/Dec/2022:03:05:38 +0000] "GET /public/js/demo/datatables-demo.js HTTP/1.1" 304 -
::1 - - [28/Dec/2022:03:05:38 +0000] "GET /public/js/newinventory.js HTTP/1.1" 304 -
::1 - - [28/Dec/2022:03:05:38 +0000] "GET /public/img/undraw_profile.svg HTTP/1.1" 304 -
::1 - - [28/Dec/2022:03:05:38 +0000] "GET /public/js/logout.js HTTP/1.1" 304 -
::1 - - [28/Dec/2022:03:05:38 +0000] "GET /public/vendor/fontawesome-free/webfonts/fa-solid-900.woff2 HTTP/1.1" 304 -
::1 - - [28/Dec/2022:03:05:43 +0000] "GET /error HTTP/1.1" 200 41925
::1 - - [28/Dec/2022:03:05:43 +0000] "GET /public/vendor/fontawesome-free/css/all.min.css HTTP/1.1" 304 -
::1 - - [28/Dec/2022:03:05:43 +0000] "GET /public/css/sb-admin-2.min.css HTTP/1.1" 304 -
::1 - - [28/Dec/2022:03:05:43 +0000] "GET /public/css/style.css HTTP/1.1" 304 -
::1 - - [28/Dec/2022:03:05:43 +0000] "GET /public/vendor/datatables/dataTables.bootstrap4.min.css HTTP/1.1" 304 -
::1 - - [28/Dec/2022:03:05:43 +0000] "GET /public/vendor/jquery/jquery.min.js HTTP/1.1" 304 -
::1 - - [28/Dec/2022:03:05:43 +0000] "GET /public/vendor/bootstrap/js/bootstrap.bundle.min.js HTTP/1.1" 304 -
::1 - - [28/Dec/2022:03:05:43 +0000] "GET /public/vendor/jquery-easing/jquery.easing.min.js HTTP/1.1" 304 -
::1 - - [28/Dec/2022:03:05:43 +0000] "GET /public/js/sb-admin-2.min.js HTTP/1.1" 304 -
::1 - - [28/Dec/2022:03:05:43 +0000] "GET /public/vendor/datatables/jquery.dataTables.min.js HTTP/1.1" 304 -
::1 - - [28/Dec/2022:03:05:43 +0000] "GET /public/vendor/datatables/dataTables.bootstrap4.min.js HTTP/1.1" 304 -
::1 - - [28/Dec/2022:03:05:43 +0000] "GET /public/js/demo/datatables-demo.js HTTP/1.1" 304 -
::1 - - [28/Dec/2022:03:05:43 +0000] "GET /public/js/clock.js HTTP/1.1" 304 -
::1 - - [28/Dec/2022:03:05:43 +0000] "GET /public/js/newinventory.js HTTP/1.1" 304 -
::1 - - [28/Dec/2022:03:05:43 +0000] "GET /public/js/logout.js HTTP/1.1" 304 -
::1 - - [28/Dec/2022:03:05:43 +0000] "GET /public/img/undraw_profile.svg HTTP/1.1" 304 -
::1 - - [28/Dec/2022:03:06:37 +0000] "GET /error HTTP/1.1" 500 2295
::1 - - [28/Dec/2022:03:06:48 +0000] "POST /dashboard HTTP/1.1" 200 235523
::1 - - [28/Dec/2022:03:06:48 +0000] "GET /public/vendor/fontawesome-free/css/all.min.css HTTP/1.1" 304 -
::1 - - [28/Dec/2022:03:06:48 +0000] "GET /public/css/sb-admin-2.min.css HTTP/1.1" 304 -
::1 - - [28/Dec/2022:03:06:48 +0000] "GET /public/css/style.css HTTP/1.1" 304 -
::1 - - [28/Dec/2022:03:06:48 +0000] "GET /public/vendor/datatables/dataTables.bootstrap4.min.css HTTP/1.1" 304 -
::1 - - [28/Dec/2022:03:06:48 +0000] "GET /public/vendor/jquery/jquery.min.js HTTP/1.1" 304 -
::1 - - [28/Dec/2022:03:06:48 +0000] "GET /public/vendor/bootstrap/js/bootstrap.bundle.min.js HTTP/1.1" 304 -
::1 - - [28/Dec/2022:03:06:48 +0000] "GET /public/vendor/jquery-easing/jquery.easing.min.js HTTP/1.1" 304 -
::1 - - [28/Dec/2022:03:06:48 +0000] "GET /public/vendor/datatables/dataTables.bootstrap4.min.js HTTP/1.1" 304 -
::1 - - [28/Dec/2022:03:06:48 +0000] "GET /public/js/sb-admin-2.min.js HTTP/1.1" 304 -
::1 - - [28/Dec/2022:03:06:48 +0000] "GET /public/vendor/datatables/jquery.dataTables.min.js HTTP/1.1" 304 -
::1 - - [28/Dec/2022:03:06:48 +0000] "GET /public/js/demo/datatables-demo.js HTTP/1.1" 304 -
::1 - - [28/Dec/2022:03:06:48 +0000] "GET /public/js/clock.js HTTP/1.1" 304 -
::1 - - [28/Dec/2022:03:06:48 +0000] "GET /public/js/newinventory.js HTTP/1.1" 304 -
::1 - - [28/Dec/2022:03:06:48 +0000] "GET /public/js/logout.js HTTP/1.1" 304 -
::1 - - [28/Dec/2022:03:06:48 +0000] "GET /public/img/undraw_profile.svg HTTP/1.1" 304 -
::1 - - [28/Dec/2022:03:06:51 +0000] "GET /error HTTP/1.1" 200 41919
::1 - - [28/Dec/2022:03:06:51 +0000] "GET /public/vendor/fontawesome-free/css/all.min.css HTTP/1.1" 304 -
::1 - - [28/Dec/2022:03:06:51 +0000] "GET /public/css/sb-admin-2.min.css HTTP/1.1" 304 -
::1 - - [28/Dec/2022:03:06:51 +0000] "GET /public/css/style.css HTTP/1.1" 304 -
::1 - - [28/Dec/2022:03:06:51 +0000] "GET /public/vendor/datatables/dataTables.bootstrap4.min.css HTTP/1.1" 304 -
::1 - - [28/Dec/2022:03:06:51 +0000] "GET /public/vendor/jquery/jquery.min.js HTTP/1.1" 304 -
::1 - - [28/Dec/2022:03:06:51 +0000] "GET /public/vendor/bootstrap/js/bootstrap.bundle.min.js HTTP/1.1" 304 -
::1 - - [28/Dec/2022:03:06:51 +0000] "GET /public/vendor/jquery-easing/jquery.easing.min.js HTTP/1.1" 304 -
::1 - - [28/Dec/2022:03:06:51 +0000] "GET /public/js/sb-admin-2.min.js HTTP/1.1" 304 -
::1 - - [28/Dec/2022:03:06:51 +0000] "GET /public/vendor/datatables/jquery.dataTables.min.js HTTP/1.1" 304 -
::1 - - [28/Dec/2022:03:06:51 +0000] "GET /public/vendor/datatables/dataTables.bootstrap4.min.js HTTP/1.1" 304 -
::1 - - [28/Dec/2022:03:06:51 +0000] "GET /public/js/demo/datatables-demo.js HTTP/1.1" 304 -
::1 - - [28/Dec/2022:03:06:51 +0000] "GET /public/js/clock.js HTTP/1.1" 304 -
::1 - - [28/Dec/2022:03:06:51 +0000] "GET /public/js/newinventory.js HTTP/1.1" 304 -
::1 - - [28/Dec/2022:03:06:51 +0000] "GET /public/js/logout.js HTTP/1.1" 304 -
::1 - - [28/Dec/2022:03:06:51 +0000] "GET /public/img/undraw_profile.svg HTTP/1.1" 304 -
::1 - - [28/Dec/2022:03:07:47 +0000] "GET /dashboard HTTP/1.1" 200 235523
::1 - - [28/Dec/2022:03:07:47 +0000] "GET /public/vendor/fontawesome-free/css/all.min.css HTTP/1.1" 304 -
::1 - - [28/Dec/2022:03:07:47 +0000] "GET /public/css/sb-admin-2.min.css HTTP/1.1" 304 -
::1 - - [28/Dec/2022:03:07:47 +0000] "GET /public/css/style.css HTTP/1.1" 304 -
::1 - - [28/Dec/2022:03:07:47 +0000] "GET /public/vendor/datatables/dataTables.bootstrap4.min.css HTTP/1.1" 304 -
::1 - - [28/Dec/2022:03:07:47 +0000] "GET /public/vendor/jquery/jquery.min.js HTTP/1.1" 304 -
::1 - - [28/Dec/2022:03:07:47 +0000] "GET /public/vendor/bootstrap/js/bootstrap.bundle.min.js HTTP/1.1" 304 -
::1 - - [28/Dec/2022:03:07:47 +0000] "GET /public/vendor/jquery-easing/jquery.easing.min.js HTTP/1.1" 304 -
::1 - - [28/Dec/2022:03:07:47 +0000] "GET /public/js/sb-admin-2.min.js HTTP/1.1" 304 -
::1 - - [28/Dec/2022:03:07:47 +0000] "GET /public/vendor/datatables/jquery.dataTables.min.js HTTP/1.1" 304 -
::1 - - [28/Dec/2022:03:07:47 +0000] "GET /public/vendor/datatables/dataTables.bootstrap4.min.js HTTP/1.1" 304 -
::1 - - [28/Dec/2022:03:07:47 +0000] "GET /public/js/demo/datatables-demo.js HTTP/1.1" 304 -
::1 - - [28/Dec/2022:03:07:47 +0000] "GET /public/js/clock.js HTTP/1.1" 304 -
::1 - - [28/Dec/2022:03:07:47 +0000] "GET /public/js/newinventory.js HTTP/1.1" 304 -
::1 - - [28/Dec/2022:03:07:47 +0000] "GET /public/js/logout.js HTTP/1.1" 304 -
::1 - - [28/Dec/2022:03:07:47 +0000] "GET /public/img/undraw_profile.svg HTTP/1.1" 304 -
::1 - - [28/Dec/2022:03:07:50 +0000] "GET /error HTTP/1.1" 200 41920
::1 - - [28/Dec/2022:03:07:50 +0000] "GET /public/vendor/fontawesome-free/css/all.min.css HTTP/1.1" 304 -
::1 - - [28/Dec/2022:03:07:50 +0000] "GET /public/css/sb-admin-2.min.css HTTP/1.1" 304 -
::1 - - [28/Dec/2022:03:07:50 +0000] "GET /public/css/style.css HTTP/1.1" 304 -
::1 - - [28/Dec/2022:03:07:50 +0000] "GET /public/vendor/datatables/dataTables.bootstrap4.min.css HTTP/1.1" 304 -
::1 - - [28/Dec/2022:03:07:50 +0000] "GET /public/img/undraw_profile.svg HTTP/1.1" 304 -
::1 - - [28/Dec/2022:03:07:50 +0000] "GET /public/vendor/jquery/jquery.min.js HTTP/1.1" 304 -
::1 - - [28/Dec/2022:03:07:50 +0000] "GET /public/vendor/bootstrap/js/bootstrap.bundle.min.js HTTP/1.1" 304 -
::1 - - [28/Dec/2022:03:07:50 +0000] "GET /public/vendor/jquery-easing/jquery.easing.min.js HTTP/1.1" 304 -
::1 - - [28/Dec/2022:03:07:50 +0000] "GET /public/js/sb-admin-2.min.js HTTP/1.1" 304 -
::1 - - [28/Dec/2022:03:07:50 +0000] "GET /public/vendor/datatables/jquery.dataTables.min.js HTTP/1.1" 304 -
::1 - - [28/Dec/2022:03:07:50 +0000] "GET /public/vendor/datatables/dataTables.bootstrap4.min.js HTTP/1.1" 304 -
::1 - - [28/Dec/2022:03:07:50 +0000] "GET /public/js/demo/datatables-demo.js HTTP/1.1" 304 -
::1 - - [28/Dec/2022:03:07:50 +0000] "GET /public/js/clock.js HTTP/1.1" 304 -
::1 - - [28/Dec/2022:03:07:50 +0000] "GET /public/js/newinventory.js HTTP/1.1" 304 -
::1 - - [28/Dec/2022:03:07:50 +0000] "GET /public/js/logout.js HTTP/1.1" 304 -
::1 - - [28/Dec/2022:03:07:50 +0000] "GET /public/vendor/fontawesome-free/css/all.min.css HTTP/1.1" 304 -
::1 - - [28/Dec/2022:03:07:50 +0000] "GET /public/css/sb-admin-2.min.css HTTP/1.1" 304 -
::1 - - [28/Dec/2022:03:07:50 +0000] "GET /public/css/style.css HTTP/1.1" 304 -
::1 - - [28/Dec/2022:03:07:50 +0000] "GET /public/vendor/datatables/dataTables.bootstrap4.min.css HTTP/1.1" 304 -
::1 - - [28/Dec/2022:03:07:50 +0000] "GET /public/vendor/jquery/jquery.min.js HTTP/1.1" 304 -
::1 - - [28/Dec/2022:03:07:50 +0000] "GET /public/vendor/bootstrap/js/bootstrap.bundle.min.js HTTP/1.1" 304 -
::1 - - [28/Dec/2022:03:07:50 +0000] "GET /public/vendor/jquery-easing/jquery.easing.min.js HTTP/1.1" 304 -
::1 - - [28/Dec/2022:03:07:50 +0000] "GET /public/js/sb-admin-2.min.js HTTP/1.1" 304 -
::1 - - [28/Dec/2022:03:07:50 +0000] "GET /public/vendor/datatables/jquery.dataTables.min.js HTTP/1.1" 304 -
::1 - - [28/Dec/2022:03:07:50 +0000] "GET /public/vendor/datatables/dataTables.bootstrap4.min.js HTTP/1.1" 304 -
::1 - - [28/Dec/2022:03:07:50 +0000] "GET /public/js/demo/datatables-demo.js HTTP/1.1" 304 -
::1 - - [28/Dec/2022:03:07:50 +0000] "GET /public/js/clock.js HTTP/1.1" 304 -
::1 - - [28/Dec/2022:03:07:50 +0000] "GET /public/js/newinventory.js HTTP/1.1" 304 -
::1 - - [28/Dec/2022:03:07:50 +0000] "GET /public/js/logout.js HTTP/1.1" 304 -
::1 - - [28/Dec/2022:03:07:50 +0000] "GET /public/img/undraw_profile.svg HTTP/1.1" 304 -
::1 - - [28/Dec/2022:03:08:15 +0000] "GET /error HTTP/1.1" 200 41871
::1 - - [28/Dec/2022:03:08:15 +0000] "GET /public/vendor/fontawesome-free/css/all.min.css HTTP/1.1" 304 -
::1 - - [28/Dec/2022:03:08:15 +0000] "GET /public/css/style.css HTTP/1.1" 304 -
::1 - - [28/Dec/2022:03:08:15 +0000] "GET /public/css/sb-admin-2.min.css HTTP/1.1" 304 -
::1 - - [28/Dec/2022:03:08:15 +0000] "GET /public/vendor/datatables/dataTables.bootstrap4.min.css HTTP/1.1" 304 -
::1 - - [28/Dec/2022:03:08:15 +0000] "GET /public/vendor/jquery/jquery.min.js HTTP/1.1" 304 -
::1 - - [28/Dec/2022:03:08:15 +0000] "GET /public/vendor/bootstrap/js/bootstrap.bundle.min.js HTTP/1.1" 304 -
::1 - - [28/Dec/2022:03:08:15 +0000] "GET /public/vendor/jquery-easing/jquery.easing.min.js HTTP/1.1" 304 -
::1 - - [28/Dec/2022:03:08:15 +0000] "GET /public/js/sb-admin-2.min.js HTTP/1.1" 304 -
::1 - - [28/Dec/2022:03:08:15 +0000] "GET /public/vendor/datatables/jquery.dataTables.min.js HTTP/1.1" 304 -
::1 - - [28/Dec/2022:03:08:15 +0000] "GET /public/vendor/datatables/dataTables.bootstrap4.min.js HTTP/1.1" 304 -
::1 - - [28/Dec/2022:03:08:15 +0000] "GET /public/js/demo/datatables-demo.js HTTP/1.1" 304 -
::1 - - [28/Dec/2022:03:08:15 +0000] "GET /public/js/clock.js HTTP/1.1" 304 -
::1 - - [28/Dec/2022:03:08:15 +0000] "GET /public/js/newinventory.js HTTP/1.1" 304 -
::1 - - [28/Dec/2022:03:08:15 +0000] "GET /public/js/logout.js HTTP/1.1" 304 -
::1 - - [28/Dec/2022:03:08:15 +0000] "GET /public/img/undraw_profile.svg HTTP/1.1" 304 -
::1 - - [28/Dec/2022:03:11:57 +0000] "GET / HTTP/1.1" 304 -
::1 - - [28/Dec/2022:03:11:57 +0000] "GET /public/vendor/fontawesome-free/css/all.min.css HTTP/1.1" 304 -
::1 - - [28/Dec/2022:03:11:57 +0000] "GET /public/vendor/jquery/jquery.min.js HTTP/1.1" 304 -
::1 - - [28/Dec/2022:03:11:57 +0000] "GET /public/css/sb-admin-2.min.css HTTP/1.1" 304 -
::1 - - [28/Dec/2022:03:11:57 +0000] "GET /public/vendor/bootstrap/js/bootstrap.bundle.min.js HTTP/1.1" 304 -
::1 - - [28/Dec/2022:03:11:57 +0000] "GET /public/vendor/jquery-easing/jquery.easing.min.js HTTP/1.1" 304 -
::1 - - [28/Dec/2022:03:11:57 +0000] "GET /public/js/sb-admin-2.min.js HTTP/1.1" 304 -
::1 - - [28/Dec/2022:03:11:57 +0000] "GET /public/img/4002758.jpg HTTP/1.1" 304 -
::1 - - [28/Dec/2022:03:12:06 +0000] "POST /dashboard HTTP/1.1" 200 235523
::1 - - [28/Dec/2022:03:12:06 +0000] "GET /public/vendor/fontawesome-free/css/all.min.css HTTP/1.1" 304 -
::1 - - [28/Dec/2022:03:12:06 +0000] "GET /public/css/sb-admin-2.min.css HTTP/1.1" 304 -
::1 - - [28/Dec/2022:03:12:06 +0000] "GET /public/css/style.css HTTP/1.1" 304 -
::1 - - [28/Dec/2022:03:12:06 +0000] "GET /public/vendor/datatables/dataTables.bootstrap4.min.css HTTP/1.1" 304 -
::1 - - [28/Dec/2022:03:12:06 +0000] "GET /public/vendor/jquery/jquery.min.js HTTP/1.1" 304 -
::1 - - [28/Dec/2022:03:12:06 +0000] "GET /public/vendor/bootstrap/js/bootstrap.bundle.min.js HTTP/1.1" 304 -
::1 - - [28/Dec/2022:03:12:06 +0000] "GET /public/vendor/jquery-easing/jquery.easing.min.js HTTP/1.1" 304 -
::1 - - [28/Dec/2022:03:12:06 +0000] "GET /public/js/sb-admin-2.min.js HTTP/1.1" 304 -
::1 - - [28/Dec/2022:03:12:06 +0000] "GET /public/vendor/datatables/jquery.dataTables.min.js HTTP/1.1" 304 -
::1 - - [28/Dec/2022:03:12:06 +0000] "GET /public/vendor/datatables/dataTables.bootstrap4.min.js HTTP/1.1" 304 -
::1 - - [28/Dec/2022:03:12:06 +0000] "GET /public/js/demo/datatables-demo.js HTTP/1.1" 304 -
::1 - - [28/Dec/2022:03:12:06 +0000] "GET /public/js/clock.js HTTP/1.1" 304 -
::1 - - [28/Dec/2022:03:12:06 +0000] "GET /public/js/newinventory.js HTTP/1.1" 304 -
::1 - - [28/Dec/2022:03:12:06 +0000] "GET /public/js/logout.js HTTP/1.1" 304 -
::1 - - [28/Dec/2022:03:12:06 +0000] "GET /public/img/undraw_profile.svg HTTP/1.1" 304 -
::1 - - [28/Dec/2022:03:12:06 +0000] "GET /public/vendor/fontawesome-free/webfonts/fa-solid-900.woff2 HTTP/1.1" 304 -
::1 - - [28/Dec/2022:03:12:10 +0000] "GET / HTTP/1.1" 304 -
::1 - - [28/Dec/2022:03:12:10 +0000] "GET /public/vendor/fontawesome-free/css/all.min.css HTTP/1.1" 304 -
::1 - - [28/Dec/2022:03:12:10 +0000] "GET /public/css/sb-admin-2.min.css HTTP/1.1" 304 -
::1 - - [28/Dec/2022:03:12:10 +0000] "GET /public/vendor/jquery/jquery.min.js HTTP/1.1" 304 -
::1 - - [28/Dec/2022:03:12:10 +0000] "GET /public/vendor/bootstrap/js/bootstrap.bundle.min.js HTTP/1.1" 304 -
::1 - - [28/Dec/2022:03:12:10 +0000] "GET /public/vendor/jquery-easing/jquery.easing.min.js HTTP/1.1" 304 -
::1 - - [28/Dec/2022:03:12:10 +0000] "GET /public/js/sb-admin-2.min.js HTTP/1.1" 304 -
::1 - - [28/Dec/2022:03:12:12 +0000] "GET /success HTTP/1.1" 200 41864
::1 - - [28/Dec/2022:03:12:12 +0000] "GET /public/vendor/fontawesome-free/css/all.min.css HTTP/1.1" 304 -
::1 - - [28/Dec/2022:03:12:12 +0000] "GET /public/css/style.css HTTP/1.1" 304 -
::1 - - [28/Dec/2022:03:12:12 +0000] "GET /public/vendor/datatables/dataTables.bootstrap4.min.css HTTP/1.1" 304 -
::1 - - [28/Dec/2022:03:12:12 +0000] "GET /public/css/sb-admin-2.min.css HTTP/1.1" 304 -
::1 - - [28/Dec/2022:03:12:12 +0000] "GET /public/vendor/jquery/jquery.min.js HTTP/1.1" 304 -
::1 - - [28/Dec/2022:03:12:12 +0000] "GET /public/vendor/bootstrap/js/bootstrap.bundle.min.js HTTP/1.1" 304 -
::1 - - [28/Dec/2022:03:12:13 +0000] "GET /public/vendor/jquery-easing/jquery.easing.min.js HTTP/1.1" 304 -
::1 - - [28/Dec/2022:03:12:13 +0000] "GET /public/js/sb-admin-2.min.js HTTP/1.1" 304 -
::1 - - [28/Dec/2022:03:12:13 +0000] "GET /public/vendor/datatables/jquery.dataTables.min.js HTTP/1.1" 304 -
::1 - - [28/Dec/2022:03:12:13 +0000] "GET /public/vendor/datatables/dataTables.bootstrap4.min.js HTTP/1.1" 304 -
::1 - - [28/Dec/2022:03:12:13 +0000] "GET /public/js/demo/datatables-demo.js HTTP/1.1" 304 -
::1 - - [28/Dec/2022:03:12:13 +0000] "GET /public/js/clock.js HTTP/1.1" 304 -
::1 - - [28/Dec/2022:03:12:13 +0000] "GET /public/js/newinventory.js HTTP/1.1" 304 -
::1 - - [28/Dec/2022:03:12:13 +0000] "GET /public/js/logout.js HTTP/1.1" 304 -
::1 - - [28/Dec/2022:03:12:13 +0000] "GET /public/img/undraw_profile.svg HTTP/1.1" 304 -
::1 - - [28/Dec/2022:03:13:40 +0000] "GET /success HTTP/1.1" 200 41854
::1 - - [28/Dec/2022:03:13:40 +0000] "GET /public/vendor/fontawesome-free/css/all.min.css HTTP/1.1" 304 -
::1 - - [28/Dec/2022:03:13:40 +0000] "GET /public/css/sb-admin-2.min.css HTTP/1.1" 304 -
::1 - - [28/Dec/2022:03:13:40 +0000] "GET /public/css/style.css HTTP/1.1" 304 -
::1 - - [28/Dec/2022:03:13:40 +0000] "GET /public/vendor/datatables/dataTables.bootstrap4.min.css HTTP/1.1" 304 -
::1 - - [28/Dec/2022:03:13:40 +0000] "GET /public/vendor/jquery/jquery.min.js HTTP/1.1" 304 -
::1 - - [28/Dec/2022:03:13:40 +0000] "GET /public/vendor/bootstrap/js/bootstrap.bundle.min.js HTTP/1.1" 304 -
::1 - - [28/Dec/2022:03:13:40 +0000] "GET /public/vendor/jquery-easing/jquery.easing.min.js HTTP/1.1" 304 -
::1 - - [28/Dec/2022:03:13:40 +0000] "GET /public/js/sb-admin-2.min.js HTTP/1.1" 304 -
::1 - - [28/Dec/2022:03:13:40 +0000] "GET /public/vendor/datatables/jquery.dataTables.min.js HTTP/1.1" 304 -
::1 - - [28/Dec/2022:03:13:40 +0000] "GET /public/js/demo/datatables-demo.js HTTP/1.1" 304 -
::1 - - [28/Dec/2022:03:13:40 +0000] "GET /public/vendor/datatables/dataTables.bootstrap4.min.js HTTP/1.1" 304 -
::1 - - [28/Dec/2022:03:13:40 +0000] "GET /public/js/clock.js HTTP/1.1" 304 -
::1 - - [28/Dec/2022:03:13:40 +0000] "GET /public/js/newinventory.js HTTP/1.1" 304 -
::1 - - [28/Dec/2022:03:13:40 +0000] "GET /public/js/logout.js HTTP/1.1" 304 -
::1 - - [28/Dec/2022:03:13:40 +0000] "GET /public/img/undraw_profile.svg HTTP/1.1" 304 -
::1 - - [28/Dec/2022:03:13:40 +0000] "GET /public/vendor/fontawesome-free/webfonts/fa-solid-900.woff2 HTTP/1.1" 304 -
::1 - - [28/Dec/2022:03:15:22 +0000] "GET /success HTTP/1.1" 500 2301
::1 - - [28/Dec/2022:03:15:31 +0000] "POST /dashboard HTTP/1.1" 200 235523
::1 - - [28/Dec/2022:03:15:32 +0000] "GET /public/vendor/fontawesome-free/css/all.min.css HTTP/1.1" 304 -
::1 - - [28/Dec/2022:03:15:32 +0000] "GET /public/css/sb-admin-2.min.css HTTP/1.1" 304 -
::1 - - [28/Dec/2022:03:15:32 +0000] "GET /public/css/style.css HTTP/1.1" 304 -
::1 - - [28/Dec/2022:03:15:32 +0000] "GET /public/vendor/datatables/dataTables.bootstrap4.min.css HTTP/1.1" 304 -
::1 - - [28/Dec/2022:03:15:32 +0000] "GET /public/vendor/jquery/jquery.min.js HTTP/1.1" 304 -
::1 - - [28/Dec/2022:03:15:32 +0000] "GET /public/vendor/bootstrap/js/bootstrap.bundle.min.js HTTP/1.1" 304 -
::1 - - [28/Dec/2022:03:15:32 +0000] "GET /public/vendor/jquery-easing/jquery.easing.min.js HTTP/1.1" 304 -
::1 - - [28/Dec/2022:03:15:32 +0000] "GET /public/js/sb-admin-2.min.js HTTP/1.1" 304 -
::1 - - [28/Dec/2022:03:15:32 +0000] "GET /public/vendor/datatables/jquery.dataTables.min.js HTTP/1.1" 304 -
::1 - - [28/Dec/2022:03:15:32 +0000] "GET /public/vendor/datatables/dataTables.bootstrap4.min.js HTTP/1.1" 304 -
::1 - - [28/Dec/2022:03:15:32 +0000] "GET /public/js/demo/datatables-demo.js HTTP/1.1" 304 -
::1 - - [28/Dec/2022:03:15:32 +0000] "GET /public/js/clock.js HTTP/1.1" 200 117
::1 - - [28/Dec/2022:03:15:32 +0000] "GET /public/js/newinventory.js HTTP/1.1" 304 -
::1 - - [28/Dec/2022:03:15:32 +0000] "GET /public/js/logout.js HTTP/1.1" 304 -
::1 - - [28/Dec/2022:03:15:32 +0000] "GET /public/img/undraw_profile.svg HTTP/1.1" 304 -
::1 - - [28/Dec/2022:03:15:40 +0000] "GET /moh-in HTTP/1.1" 304 -
::1 - - [28/Dec/2022:03:15:40 +0000] "GET /public/vendor/fontawesome-free/css/all.min.css HTTP/1.1" 304 -
::1 - - [28/Dec/2022:03:15:40 +0000] "GET /public/css/style.css HTTP/1.1" 304 -
::1 - - [28/Dec/2022:03:15:40 +0000] "GET /public/vendor/datatables/dataTables.bootstrap4.min.css HTTP/1.1" 304 -
::1 - - [28/Dec/2022:03:15:40 +0000] "GET /public/css/sb-admin-2.min.css HTTP/1.1" 304 -
::1 - - [28/Dec/2022:03:15:40 +0000] "GET /public/vendor/jquery/jquery.min.js HTTP/1.1" 304 -
::1 - - [28/Dec/2022:03:15:40 +0000] "GET /public/vendor/bootstrap/js/bootstrap.bundle.min.js HTTP/1.1" 304 -
::1 - - [28/Dec/2022:03:15:40 +0000] "GET /public/vendor/jquery-easing/jquery.easing.min.js HTTP/1.1" 304 -
::1 - - [28/Dec/2022:03:15:40 +0000] "GET /public/js/sb-admin-2.min.js HTTP/1.1" 304 -
::1 - - [28/Dec/2022:03:15:40 +0000] "GET /public/img/undraw_profile.svg HTTP/1.1" 304 -
::1 - - [28/Dec/2022:03:15:40 +0000] "GET /public/vendor/datatables/jquery.dataTables.min.js HTTP/1.1" 304 -
::1 - - [28/Dec/2022:03:15:40 +0000] "GET /public/vendor/datatables/dataTables.bootstrap4.min.js HTTP/1.1" 304 -
::1 - - [28/Dec/2022:03:15:40 +0000] "GET /public/js/demo/datatables-demo.js HTTP/1.1" 304 -
::1 - - [28/Dec/2022:03:15:40 +0000] "GET /public/js/clock.js HTTP/1.1" 304 -
::1 - - [28/Dec/2022:03:15:40 +0000] "GET /public/js/newinventory.js HTTP/1.1" 304 -
::1 - - [28/Dec/2022:03:15:40 +0000] "GET /public/js/logout.js HTTP/1.1" 304 -
::1 - - [28/Dec/2022:03:16:04 +0000] "GET /dashboard HTTP/1.1" 200 235520
::1 - - [28/Dec/2022:03:16:04 +0000] "GET /public/vendor/fontawesome-free/css/all.min.css HTTP/1.1" 304 -
::1 - - [28/Dec/2022:03:16:04 +0000] "GET /public/css/sb-admin-2.min.css HTTP/1.1" 304 -
::1 - - [28/Dec/2022:03:16:04 +0000] "GET /public/css/style.css HTTP/1.1" 304 -
::1 - - [28/Dec/2022:03:16:04 +0000] "GET /public/vendor/datatables/dataTables.bootstrap4.min.css HTTP/1.1" 304 -
::1 - - [28/Dec/2022:03:16:04 +0000] "GET /public/vendor/jquery/jquery.min.js HTTP/1.1" 304 -
::1 - - [28/Dec/2022:03:16:04 +0000] "GET /public/vendor/bootstrap/js/bootstrap.bundle.min.js HTTP/1.1" 304 -
::1 - - [28/Dec/2022:03:16:04 +0000] "GET /public/vendor/jquery-easing/jquery.easing.min.js HTTP/1.1" 304 -
::1 - - [28/Dec/2022:03:16:04 +0000] "GET /public/js/sb-admin-2.min.js HTTP/1.1" 304 -
::1 - - [28/Dec/2022:03:16:04 +0000] "GET /public/vendor/datatables/jquery.dataTables.min.js HTTP/1.1" 304 -
::1 - - [28/Dec/2022:03:16:04 +0000] "GET /public/js/demo/datatables-demo.js HTTP/1.1" 304 -
::1 - - [28/Dec/2022:03:16:04 +0000] "GET /public/vendor/datatables/dataTables.bootstrap4.min.js HTTP/1.1" 304 -
::1 - - [28/Dec/2022:03:16:04 +0000] "GET /public/js/clock.js HTTP/1.1" 304 -
::1 - - [28/Dec/2022:03:16:04 +0000] "GET /public/js/newinventory.js HTTP/1.1" 304 -
::1 - - [28/Dec/2022:03:16:04 +0000] "GET /public/js/logout.js HTTP/1.1" 304 -
::1 - - [28/Dec/2022:03:16:04 +0000] "GET /public/img/undraw_profile.svg HTTP/1.1" 304 -
::1 - - [28/Dec/2022:03:21:37 +0000] "GET /dashboard HTTP/1.1" - -
::1 - - [28/Dec/2022:03:21:37 +0000] "GET / HTTP/1.1" 304 -
::1 - - [28/Dec/2022:03:21:37 +0000] "GET /public/vendor/fontawesome-free/css/all.min.css HTTP/1.1" 304 -
::1 - - [28/Dec/2022:03:21:37 +0000] "GET /public/css/sb-admin-2.min.css HTTP/1.1" 304 -
::1 - - [28/Dec/2022:03:21:37 +0000] "GET /public/vendor/jquery/jquery.min.js HTTP/1.1" 304 -
::1 - - [28/Dec/2022:03:21:37 +0000] "GET /public/vendor/bootstrap/js/bootstrap.bundle.min.js HTTP/1.1" 304 -
::1 - - [28/Dec/2022:03:21:37 +0000] "GET /public/vendor/jquery-easing/jquery.easing.min.js HTTP/1.1" 304 -
::1 - - [28/Dec/2022:03:21:37 +0000] "GET /public/js/sb-admin-2.min.js HTTP/1.1" 304 -
::1 - - [28/Dec/2022:03:21:37 +0000] "GET /public/img/4002758.jpg HTTP/1.1" 304 -
::1 - - [28/Dec/2022:03:23:30 +0000] "GET / HTTP/1.1" 304 -
::1 - - [28/Dec/2022:03:23:31 +0000] "GET /public/vendor/fontawesome-free/css/all.min.css HTTP/1.1" 304 -
::1 - - [28/Dec/2022:03:23:31 +0000] "GET /public/css/sb-admin-2.min.css HTTP/1.1" 304 -
::1 - - [28/Dec/2022:03:23:31 +0000] "GET /public/vendor/jquery/jquery.min.js HTTP/1.1" 304 -
::1 - - [28/Dec/2022:03:23:31 +0000] "GET /public/vendor/bootstrap/js/bootstrap.bundle.min.js HTTP/1.1" 304 -
::1 - - [28/Dec/2022:03:23:31 +0000] "GET /public/vendor/jquery-easing/jquery.easing.min.js HTTP/1.1" 304 -
::1 - - [28/Dec/2022:03:23:31 +0000] "GET /public/js/sb-admin-2.min.js HTTP/1.1" 304 -
::1 - - [28/Dec/2022:03:23:31 +0000] "GET /public/img/4002758.jpg HTTP/1.1" 304 -
::1 - - [28/Dec/2022:03:23:38 +0000] "POST /dashboard HTTP/1.1" 200 235520
::1 - - [28/Dec/2022:03:23:38 +0000] "GET /public/vendor/fontawesome-free/css/all.min.css HTTP/1.1" 304 -
::1 - - [28/Dec/2022:03:23:38 +0000] "GET /public/css/sb-admin-2.min.css HTTP/1.1" 304 -
::1 - - [28/Dec/2022:03:23:38 +0000] "GET /public/css/style.css HTTP/1.1" 304 -
::1 - - [28/Dec/2022:03:23:38 +0000] "GET /public/vendor/datatables/dataTables.bootstrap4.min.css HTTP/1.1" 304 -
::1 - - [28/Dec/2022:03:23:38 +0000] "GET /public/vendor/jquery/jquery.min.js HTTP/1.1" 304 -
::1 - - [28/Dec/2022:03:23:38 +0000] "GET /public/vendor/bootstrap/js/bootstrap.bundle.min.js HTTP/1.1" 304 -
::1 - - [28/Dec/2022:03:23:38 +0000] "GET /public/vendor/jquery-easing/jquery.easing.min.js HTTP/1.1" 304 -
::1 - - [28/Dec/2022:03:23:38 +0000] "GET /public/js/sb-admin-2.min.js HTTP/1.1" 304 -
::1 - - [28/Dec/2022:03:23:38 +0000] "GET /public/vendor/datatables/jquery.dataTables.min.js HTTP/1.1" 304 -
::1 - - [28/Dec/2022:03:23:38 +0000] "GET /public/js/demo/datatables-demo.js HTTP/1.1" 304 -
::1 - - [28/Dec/2022:03:23:38 +0000] "GET /public/vendor/datatables/dataTables.bootstrap4.min.js HTTP/1.1" 304 -
::1 - - [28/Dec/2022:03:23:38 +0000] "GET /public/js/clock.js HTTP/1.1" 304 -
::1 - - [28/Dec/2022:03:23:38 +0000] "GET /public/js/newinventory.js HTTP/1.1" 304 -
::1 - - [28/Dec/2022:03:23:38 +0000] "GET /public/js/logout.js HTTP/1.1" 304 -
::1 - - [28/Dec/2022:03:23:38 +0000] "GET /public/img/undraw_profile.svg HTTP/1.1" 304 -
::1 - - [28/Dec/2022:03:23:38 +0000] "GET /public/vendor/fontawesome-free/webfonts/fa-solid-900.woff2 HTTP/1.1" 304 -
::1 - - [28/Dec/2022:05:11:07 +0000] "GET /logout HTTP/1.1" 302 46
::1 - - [28/Dec/2022:05:11:07 +0000] "GET / HTTP/1.1" 304 -
::1 - - [28/Dec/2022:05:11:07 +0000] "GET /public/vendor/fontawesome-free/css/all.min.css HTTP/1.1" 304 -
::1 - - [28/Dec/2022:05:11:07 +0000] "GET /public/css/sb-admin-2.min.css HTTP/1.1" 304 -
::1 - - [28/Dec/2022:05:11:07 +0000] "GET /public/vendor/jquery/jquery.min.js HTTP/1.1" 304 -
::1 - - [28/Dec/2022:05:11:07 +0000] "GET /public/vendor/bootstrap/js/bootstrap.bundle.min.js HTTP/1.1" 304 -
::1 - - [28/Dec/2022:05:11:07 +0000] "GET /public/vendor/jquery-easing/jquery.easing.min.js HTTP/1.1" 304 -
::1 - - [28/Dec/2022:05:11:07 +0000] "GET /public/js/sb-admin-2.min.js HTTP/1.1" 304 -
::1 - - [28/Dec/2022:05:11:08 +0000] "GET /public/img/4002758.jpg HTTP/1.1" 304 -
::1 - - [28/Dec/2022:05:38:16 +0000] "POST /dashboard HTTP/1.1" 200 235520
::1 - - [28/Dec/2022:05:38:16 +0000] "GET /public/vendor/fontawesome-free/css/all.min.css HTTP/1.1" 304 -
::1 - - [28/Dec/2022:05:38:16 +0000] "GET /public/css/sb-admin-2.min.css HTTP/1.1" 304 -
::1 - - [28/Dec/2022:05:38:16 +0000] "GET /public/css/style.css HTTP/1.1" 304 -
::1 - - [28/Dec/2022:05:38:16 +0000] "GET /public/vendor/datatables/dataTables.bootstrap4.min.css HTTP/1.1" 304 -
::1 - - [28/Dec/2022:05:38:16 +0000] "GET /public/vendor/jquery/jquery.min.js HTTP/1.1" 304 -
::1 - - [28/Dec/2022:05:38:16 +0000] "GET /public/vendor/bootstrap/js/bootstrap.bundle.min.js HTTP/1.1" 304 -
::1 - - [28/Dec/2022:05:38:16 +0000] "GET /public/vendor/jquery-easing/jquery.easing.min.js HTTP/1.1" 304 -
::1 - - [28/Dec/2022:05:38:16 +0000] "GET /public/js/sb-admin-2.min.js HTTP/1.1" 304 -
::1 - - [28/Dec/2022:05:38:16 +0000] "GET /public/vendor/datatables/jquery.dataTables.min.js HTTP/1.1" 304 -
::1 - - [28/Dec/2022:05:38:16 +0000] "GET /public/vendor/datatables/dataTables.bootstrap4.min.js HTTP/1.1" 304 -
::1 - - [28/Dec/2022:05:38:16 +0000] "GET /public/js/demo/datatables-demo.js HTTP/1.1" 304 -
::1 - - [28/Dec/2022:05:38:16 +0000] "GET /public/js/clock.js HTTP/1.1" 304 -
::1 - - [28/Dec/2022:05:38:16 +0000] "GET /public/js/newinventory.js HTTP/1.1" 304 -
::1 - - [28/Dec/2022:05:38:16 +0000] "GET /public/js/logout.js HTTP/1.1" 304 -
::1 - - [28/Dec/2022:05:38:16 +0000] "GET /public/img/undraw_profile.svg HTTP/1.1" 304 -
::1 - - [28/Dec/2022:05:38:16 +0000] "GET /public/vendor/fontawesome-free/webfonts/fa-solid-900.woff2 HTTP/1.1" 304 -
::1 - - [28/Dec/2022:05:39:26 +0000] "GET /moh-in HTTP/1.1" 304 -
::1 - - [28/Dec/2022:05:39:26 +0000] "GET /public/vendor/fontawesome-free/css/all.min.css HTTP/1.1" 304 -
::1 - - [28/Dec/2022:05:39:26 +0000] "GET /public/css/sb-admin-2.min.css HTTP/1.1" 304 -
::1 - - [28/Dec/2022:05:39:26 +0000] "GET /public/css/style.css HTTP/1.1" 304 -
::1 - - [28/Dec/2022:05:39:26 +0000] "GET /public/vendor/datatables/dataTables.bootstrap4.min.css HTTP/1.1" 304 -
::1 - - [28/Dec/2022:05:39:26 +0000] "GET /public/vendor/jquery/jquery.min.js HTTP/1.1" 304 -
::1 - - [28/Dec/2022:05:39:26 +0000] "GET /public/vendor/bootstrap/js/bootstrap.bundle.min.js HTTP/1.1" 304 -
::1 - - [28/Dec/2022:05:39:26 +0000] "GET /public/vendor/jquery-easing/jquery.easing.min.js HTTP/1.1" 304 -
::1 - - [28/Dec/2022:05:39:26 +0000] "GET /public/vendor/datatables/dataTables.bootstrap4.min.js HTTP/1.1" 304 -
::1 - - [28/Dec/2022:05:39:26 +0000] "GET /public/js/sb-admin-2.min.js HTTP/1.1" 304 -
::1 - - [28/Dec/2022:05:39:26 +0000] "GET /public/vendor/datatables/jquery.dataTables.min.js HTTP/1.1" 304 -
::1 - - [28/Dec/2022:05:39:26 +0000] "GET /public/vendor/fontawesome-free/webfonts/fa-solid-900.woff2 HTTP/1.1" 304 -
::1 - - [28/Dec/2022:05:39:26 +0000] "GET /public/img/undraw_profile.svg HTTP/1.1" 304 -
::1 - - [28/Dec/2022:05:39:26 +0000] "GET /public/js/demo/datatables-demo.js HTTP/1.1" 304 -
::1 - - [28/Dec/2022:05:39:26 +0000] "GET /public/js/clock.js HTTP/1.1" 304 -
::1 - - [28/Dec/2022:05:39:26 +0000] "GET /public/js/newinventory.js HTTP/1.1" 304 -
::1 - - [28/Dec/2022:05:39:26 +0000] "GET /public/js/logout.js HTTP/1.1" 304 -
::1 - - [28/Dec/2022:05:58:08 +0000] "GET /moh-in HTTP/1.1" 500 2298
::ffff:127.0.0.1 - - [28/Dec/2022:05:58:11 +0000] "GET / HTTP/1.1" 304 -
::ffff:127.0.0.1 - - [28/Dec/2022:05:58:11 +0000] "GET /public/vendor/fontawesome-free/css/all.min.css HTTP/1.1" 304 -
::1 - - [28/Dec/2022:05:58:11 +0000] "GET /public/css/sb-admin-2.min.css HTTP/1.1" 304 -
::1 - - [28/Dec/2022:05:58:11 +0000] "GET /public/js/sb-admin-2.min.js HTTP/1.1" 304 -
::1 - - [28/Dec/2022:05:58:11 +0000] "GET /public/vendor/jquery/jquery.min.js HTTP/1.1" 304 -
::1 - - [28/Dec/2022:05:58:11 +0000] "GET /public/vendor/bootstrap/js/bootstrap.bundle.min.js HTTP/1.1" 304 -
::1 - - [28/Dec/2022:05:58:11 +0000] "GET /public/vendor/jquery-easing/jquery.easing.min.js HTTP/1.1" 304 -
::1 - - [28/Dec/2022:05:58:15 +0000] "POST /dashboard HTTP/1.1" 200 235520
::1 - - [28/Dec/2022:05:58:15 +0000] "GET /public/vendor/fontawesome-free/css/all.min.css HTTP/1.1" 304 -
::1 - - [28/Dec/2022:05:58:15 +0000] "GET /public/css/sb-admin-2.min.css HTTP/1.1" 304 -
::1 - - [28/Dec/2022:05:58:15 +0000] "GET /public/css/style.css HTTP/1.1" 304 -
::1 - - [28/Dec/2022:05:58:15 +0000] "GET /public/vendor/datatables/dataTables.bootstrap4.min.css HTTP/1.1" 304 -
::1 - - [28/Dec/2022:05:58:15 +0000] "GET /public/vendor/jquery/jquery.min.js HTTP/1.1" 304 -
::1 - - [28/Dec/2022:05:58:15 +0000] "GET /public/vendor/bootstrap/js/bootstrap.bundle.min.js HTTP/1.1" 304 -
::1 - - [28/Dec/2022:05:58:15 +0000] "GET /public/vendor/jquery-easing/jquery.easing.min.js HTTP/1.1" 304 -
::1 - - [28/Dec/2022:05:58:15 +0000] "GET /public/js/sb-admin-2.min.js HTTP/1.1" 304 -
::1 - - [28/Dec/2022:05:58:15 +0000] "GET /public/vendor/datatables/jquery.dataTables.min.js HTTP/1.1" 304 -
::1 - - [28/Dec/2022:05:58:15 +0000] "GET /public/vendor/datatables/dataTables.bootstrap4.min.js HTTP/1.1" 304 -
::1 - - [28/Dec/2022:05:58:15 +0000] "GET /public/js/clock.js HTTP/1.1" 304 -
::1 - - [28/Dec/2022:05:58:15 +0000] "GET /public/js/demo/datatables-demo.js HTTP/1.1" 304 -
::1 - - [28/Dec/2022:05:58:15 +0000] "GET /public/img/undraw_profile.svg HTTP/1.1" 304 -
::1 - - [28/Dec/2022:05:58:15 +0000] "GET /public/js/newinventory.js HTTP/1.1" 304 -
::1 - - [28/Dec/2022:05:58:15 +0000] "GET /public/js/logout.js HTTP/1.1" 304 -
::1 - - [28/Dec/2022:05:58:37 +0000] "GET / HTTP/1.1" 304 -
::1 - - [28/Dec/2022:05:58:38 +0000] "GET /public/vendor/fontawesome-free/css/all.min.css HTTP/1.1" 304 -
::1 - - [28/Dec/2022:05:58:38 +0000] "GET /public/css/sb-admin-2.min.css HTTP/1.1" 304 -
::1 - - [28/Dec/2022:05:58:38 +0000] "GET /public/vendor/jquery/jquery.min.js HTTP/1.1" 304 -
::1 - - [28/Dec/2022:05:58:38 +0000] "GET /public/vendor/bootstrap/js/bootstrap.bundle.min.js HTTP/1.1" 304 -
::1 - - [28/Dec/2022:05:58:38 +0000] "GET /public/vendor/jquery-easing/jquery.easing.min.js HTTP/1.1" 304 -
::1 - - [28/Dec/2022:05:58:38 +0000] "GET /public/js/sb-admin-2.min.js HTTP/1.1" 304 -
::1 - - [28/Dec/2022:05:58:44 +0000] "POST /dashboard HTTP/1.1" 200 235520
::1 - - [28/Dec/2022:05:58:44 +0000] "GET /public/vendor/fontawesome-free/css/all.min.css HTTP/1.1" 304 -
::1 - - [28/Dec/2022:05:58:44 +0000] "GET /public/css/sb-admin-2.min.css HTTP/1.1" 304 -
::1 - - [28/Dec/2022:05:58:44 +0000] "GET /public/css/style.css HTTP/1.1" 304 -
::1 - - [28/Dec/2022:05:58:44 +0000] "GET /public/vendor/datatables/dataTables.bootstrap4.min.css HTTP/1.1" 304 -
::1 - - [28/Dec/2022:05:58:44 +0000] "GET /public/vendor/jquery/jquery.min.js HTTP/1.1" 304 -
::1 - - [28/Dec/2022:05:58:44 +0000] "GET /public/vendor/bootstrap/js/bootstrap.bundle.min.js HTTP/1.1" 304 -
::1 - - [28/Dec/2022:05:58:44 +0000] "GET /public/vendor/jquery-easing/jquery.easing.min.js HTTP/1.1" 304 -
::1 - - [28/Dec/2022:05:58:44 +0000] "GET /public/js/sb-admin-2.min.js HTTP/1.1" 304 -
::1 - - [28/Dec/2022:05:58:44 +0000] "GET /public/vendor/datatables/jquery.dataTables.min.js HTTP/1.1" 304 -
::1 - - [28/Dec/2022:05:58:44 +0000] "GET /public/vendor/datatables/dataTables.bootstrap4.min.js HTTP/1.1" 304 -
::1 - - [28/Dec/2022:05:58:44 +0000] "GET /public/js/demo/datatables-demo.js HTTP/1.1" 304 -
::1 - - [28/Dec/2022:05:58:44 +0000] "GET /public/js/clock.js HTTP/1.1" 304 -
::1 - - [28/Dec/2022:05:58:44 +0000] "GET /public/js/newinventory.js HTTP/1.1" 304 -
::1 - - [28/Dec/2022:05:58:44 +0000] "GET /public/js/logout.js HTTP/1.1" 304 -
::1 - - [28/Dec/2022:05:58:44 +0000] "GET /public/img/undraw_profile.svg HTTP/1.1" 304 -
::1 - - [28/Dec/2022:05:59:01 +0000] "GET /dashboard HTTP/1.1" 302 46
::1 - - [28/Dec/2022:05:59:01 +0000] "GET / HTTP/1.1" 304 -
::1 - - [28/Dec/2022:05:59:01 +0000] "GET /public/vendor/fontawesome-free/css/all.min.css HTTP/1.1" 304 -
::1 - - [28/Dec/2022:05:59:01 +0000] "GET /public/css/sb-admin-2.min.css HTTP/1.1" 304 -
::1 - - [28/Dec/2022:05:59:01 +0000] "GET /public/vendor/jquery/jquery.min.js HTTP/1.1" 304 -
::1 - - [28/Dec/2022:05:59:01 +0000] "GET /public/vendor/bootstrap/js/bootstrap.bundle.min.js HTTP/1.1" 304 -
::1 - - [28/Dec/2022:05:59:01 +0000] "GET /public/vendor/jquery-easing/jquery.easing.min.js HTTP/1.1" 304 -
::1 - - [28/Dec/2022:05:59:01 +0000] "GET /public/js/sb-admin-2.min.js HTTP/1.1" 304 -
::1 - - [28/Dec/2022:05:59:19 +0000] "GET /moh-in HTTP/1.1" 500 2298
::1 - - [29/Dec/2022:00:57:52 +0000] "GET / HTTP/1.1" 304 -
::1 - - [29/Dec/2022:00:57:52 +0000] "GET /public/css/sb-admin-2.min.css HTTP/1.1" 304 -
::1 - - [29/Dec/2022:00:57:52 +0000] "GET /public/vendor/fontawesome-free/css/all.min.css HTTP/1.1" 304 -
::1 - - [29/Dec/2022:00:57:52 +0000] "GET /public/js/sb-admin-2.min.js HTTP/1.1" 304 -
::1 - - [29/Dec/2022:00:57:52 +0000] "GET /public/vendor/bootstrap/js/bootstrap.bundle.min.js HTTP/1.1" 304 -
::1 - - [29/Dec/2022:00:57:52 +0000] "GET /public/vendor/jquery/jquery.min.js HTTP/1.1" 304 -
::1 - - [29/Dec/2022:00:57:52 +0000] "GET /public/vendor/jquery-easing/jquery.easing.min.js HTTP/1.1" 304 -
::1 - - [29/Dec/2022:00:57:52 +0000] "GET /public/img/4002758.jpg HTTP/1.1" 304 -
::1 - - [29/Dec/2022:00:57:52 +0000] "GET /favicon.ico HTTP/1.1" 404 150
::1 - - [29/Dec/2022:00:57:57 +0000] "POST /dashboard HTTP/1.1" 200 235520
::1 - - [29/Dec/2022:00:57:57 +0000] "GET /public/vendor/fontawesome-free/css/all.min.css HTTP/1.1" 304 -
::1 - - [29/Dec/2022:00:57:57 +0000] "GET /public/css/sb-admin-2.min.css HTTP/1.1" 304 -
::1 - - [29/Dec/2022:00:57:57 +0000] "GET /public/css/style.css HTTP/1.1" 304 -
::1 - - [29/Dec/2022:00:57:57 +0000] "GET /public/vendor/datatables/dataTables.bootstrap4.min.css HTTP/1.1" 304 -
::1 - - [29/Dec/2022:00:57:57 +0000] "GET /public/vendor/jquery/jquery.min.js HTTP/1.1" 304 -
::1 - - [29/Dec/2022:00:57:57 +0000] "GET /public/vendor/bootstrap/js/bootstrap.bundle.min.js HTTP/1.1" 304 -
::1 - - [29/Dec/2022:00:57:57 +0000] "GET /public/vendor/jquery-easing/jquery.easing.min.js HTTP/1.1" 304 -
::1 - - [29/Dec/2022:00:57:57 +0000] "GET /public/js/sb-admin-2.min.js HTTP/1.1" 304 -
::1 - - [29/Dec/2022:00:57:57 +0000] "GET /public/vendor/datatables/dataTables.bootstrap4.min.js HTTP/1.1" 304 -
::1 - - [29/Dec/2022:00:57:57 +0000] "GET /public/vendor/datatables/jquery.dataTables.min.js HTTP/1.1" 304 -
::1 - - [29/Dec/2022:00:57:57 +0000] "GET /public/js/demo/datatables-demo.js HTTP/1.1" 304 -
::1 - - [29/Dec/2022:00:57:57 +0000] "GET /public/js/clock.js HTTP/1.1" 304 -
::1 - - [29/Dec/2022:00:57:57 +0000] "GET /public/js/newinventory.js HTTP/1.1" 304 -
::1 - - [29/Dec/2022:00:57:57 +0000] "GET /public/js/logout.js HTTP/1.1" 304 -
::1 - - [29/Dec/2022:00:57:57 +0000] "GET /public/img/undraw_profile.svg HTTP/1.1" 304 -
::1 - - [29/Dec/2022:00:57:57 +0000] "GET /public/vendor/fontawesome-free/webfonts/fa-solid-900.woff2 HTTP/1.1" 304 -
::1 - - [29/Dec/2022:00:57:59 +0000] "GET /moh-in HTTP/1.1" 200 96513
::1 - - [29/Dec/2022:00:57:59 +0000] "GET /public/vendor/fontawesome-free/css/all.min.css HTTP/1.1" 304 -
::1 - - [29/Dec/2022:00:57:59 +0000] "GET /public/css/sb-admin-2.min.css HTTP/1.1" 304 -
::1 - - [29/Dec/2022:00:57:59 +0000] "GET /public/css/style.css HTTP/1.1" 304 -
::1 - - [29/Dec/2022:00:57:59 +0000] "GET /public/vendor/datatables/dataTables.bootstrap4.min.css HTTP/1.1" 304 -
::1 - - [29/Dec/2022:00:58:00 +0000] "GET /public/vendor/jquery/jquery.min.js HTTP/1.1" 304 -
::1 - - [29/Dec/2022:00:58:00 +0000] "GET /public/vendor/bootstrap/js/bootstrap.bundle.min.js HTTP/1.1" 304 -
::1 - - [29/Dec/2022:00:58:00 +0000] "GET /public/vendor/jquery-easing/jquery.easing.min.js HTTP/1.1" 304 -
::1 - - [29/Dec/2022:00:58:00 +0000] "GET /public/js/sb-admin-2.min.js HTTP/1.1" 304 -
::1 - - [29/Dec/2022:00:58:00 +0000] "GET /public/vendor/datatables/jquery.dataTables.min.js HTTP/1.1" 304 -
::1 - - [29/Dec/2022:00:58:00 +0000] "GET /public/vendor/datatables/dataTables.bootstrap4.min.js HTTP/1.1" 304 -
::1 - - [29/Dec/2022:00:58:00 +0000] "GET /public/img/undraw_profile.svg HTTP/1.1" 304 -
::1 - - [29/Dec/2022:00:58:00 +0000] "GET /public/js/demo/datatables-demo.js HTTP/1.1" 304 -
::1 - - [29/Dec/2022:00:58:00 +0000] "GET /public/js/clock.js HTTP/1.1" 304 -
::1 - - [29/Dec/2022:00:58:00 +0000] "GET /public/js/newinventory.js HTTP/1.1" 304 -
::1 - - [29/Dec/2022:00:58:00 +0000] "GET /public/js/logout.js HTTP/1.1" 304 -
::1 - - [29/Dec/2022:00:58:04 +0000] "GET /dashboard HTTP/1.1" 200 235520
::1 - - [29/Dec/2022:00:58:04 +0000] "GET /public/vendor/fontawesome-free/css/all.min.css HTTP/1.1" 304 -
::1 - - [29/Dec/2022:00:58:04 +0000] "GET /public/css/sb-admin-2.min.css HTTP/1.1" 304 -
::1 - - [29/Dec/2022:00:58:04 +0000] "GET /public/css/style.css HTTP/1.1" 304 -
::1 - - [29/Dec/2022:00:58:04 +0000] "GET /public/vendor/datatables/dataTables.bootstrap4.min.css HTTP/1.1" 304 -
::1 - - [29/Dec/2022:00:58:04 +0000] "GET /public/vendor/jquery/jquery.min.js HTTP/1.1" 304 -
::1 - - [29/Dec/2022:00:58:04 +0000] "GET /public/vendor/bootstrap/js/bootstrap.bundle.min.js HTTP/1.1" 304 -
::1 - - [29/Dec/2022:00:58:04 +0000] "GET /public/vendor/jquery-easing/jquery.easing.min.js HTTP/1.1" 304 -
::1 - - [29/Dec/2022:00:58:04 +0000] "GET /public/js/sb-admin-2.min.js HTTP/1.1" 304 -
::1 - - [29/Dec/2022:00:58:04 +0000] "GET /public/vendor/datatables/jquery.dataTables.min.js HTTP/1.1" 304 -
::1 - - [29/Dec/2022:00:58:04 +0000] "GET /public/vendor/datatables/dataTables.bootstrap4.min.js HTTP/1.1" 304 -
::1 - - [29/Dec/2022:00:58:04 +0000] "GET /public/js/demo/datatables-demo.js HTTP/1.1" 304 -
::1 - - [29/Dec/2022:00:58:04 +0000] "GET /public/js/clock.js HTTP/1.1" 304 -
::1 - - [29/Dec/2022:00:58:04 +0000] "GET /public/js/newinventory.js HTTP/1.1" 304 -
::1 - - [29/Dec/2022:00:58:04 +0000] "GET /public/js/logout.js HTTP/1.1" 304 -
::1 - - [29/Dec/2022:00:58:04 +0000] "GET /public/img/undraw_profile.svg HTTP/1.1" 304 -
::1 - - [29/Dec/2022:00:58:04 +0000] "GET /dashboard HTTP/1.1" 304 -
::1 - - [29/Dec/2022:00:58:04 +0000] "GET /public/vendor/fontawesome-free/css/all.min.css HTTP/1.1" 304 -
::1 - - [29/Dec/2022:00:58:04 +0000] "GET /public/css/sb-admin-2.min.css HTTP/1.1" 304 -
::1 - - [29/Dec/2022:00:58:04 +0000] "GET /public/css/style.css HTTP/1.1" 304 -
::1 - - [29/Dec/2022:00:58:04 +0000] "GET /public/vendor/datatables/dataTables.bootstrap4.min.css HTTP/1.1" 304 -
::1 - - [29/Dec/2022:00:58:04 +0000] "GET /public/vendor/jquery/jquery.min.js HTTP/1.1" 304 -
::1 - - [29/Dec/2022:00:58:04 +0000] "GET /public/vendor/bootstrap/js/bootstrap.bundle.min.js HTTP/1.1" 304 -
::1 - - [29/Dec/2022:00:58:04 +0000] "GET /public/vendor/jquery-easing/jquery.easing.min.js HTTP/1.1" 304 -
::1 - - [29/Dec/2022:00:58:04 +0000] "GET /public/js/sb-admin-2.min.js HTTP/1.1" 304 -
::1 - - [29/Dec/2022:00:58:04 +0000] "GET /public/vendor/datatables/jquery.dataTables.min.js HTTP/1.1" 304 -
::1 - - [29/Dec/2022:00:58:04 +0000] "GET /public/vendor/datatables/dataTables.bootstrap4.min.js HTTP/1.1" 304 -
::1 - - [29/Dec/2022:00:58:04 +0000] "GET /public/js/demo/datatables-demo.js HTTP/1.1" 304 -
::1 - - [29/Dec/2022:00:58:04 +0000] "GET /public/js/clock.js HTTP/1.1" 304 -
::1 - - [29/Dec/2022:00:58:04 +0000] "GET /public/js/newinventory.js HTTP/1.1" 304 -
::1 - - [29/Dec/2022:00:58:04 +0000] "GET /public/js/logout.js HTTP/1.1" 304 -
::1 - - [29/Dec/2022:00:58:04 +0000] "GET /public/img/undraw_profile.svg HTTP/1.1" 304 -
::1 - - [29/Dec/2022:00:58:07 +0000] "GET /dashboard HTTP/1.1" 304 -
::1 - - [29/Dec/2022:00:58:07 +0000] "GET /public/vendor/fontawesome-free/css/all.min.css HTTP/1.1" 304 -
::1 - - [29/Dec/2022:00:58:07 +0000] "GET /public/css/sb-admin-2.min.css HTTP/1.1" 304 -
::1 - - [29/Dec/2022:00:58:07 +0000] "GET /public/css/style.css HTTP/1.1" 304 -
::1 - - [29/Dec/2022:00:58:07 +0000] "GET /public/vendor/datatables/dataTables.bootstrap4.min.css HTTP/1.1" 304 -
::1 - - [29/Dec/2022:00:58:07 +0000] "GET /public/vendor/jquery/jquery.min.js HTTP/1.1" 304 -
::1 - - [29/Dec/2022:00:58:07 +0000] "GET /public/vendor/bootstrap/js/bootstrap.bundle.min.js HTTP/1.1" 304 -
::1 - - [29/Dec/2022:00:58:07 +0000] "GET /public/vendor/jquery-easing/jquery.easing.min.js HTTP/1.1" 304 -
::1 - - [29/Dec/2022:00:58:07 +0000] "GET /public/js/sb-admin-2.min.js HTTP/1.1" 304 -
::1 - - [29/Dec/2022:00:58:07 +0000] "GET /public/vendor/datatables/jquery.dataTables.min.js HTTP/1.1" 304 -
::1 - - [29/Dec/2022:00:58:07 +0000] "GET /public/vendor/datatables/dataTables.bootstrap4.min.js HTTP/1.1" 304 -
::1 - - [29/Dec/2022:00:58:07 +0000] "GET /public/js/demo/datatables-demo.js HTTP/1.1" 304 -
::1 - - [29/Dec/2022:00:58:07 +0000] "GET /public/js/clock.js HTTP/1.1" 304 -
::1 - - [29/Dec/2022:00:58:07 +0000] "GET /public/js/newinventory.js HTTP/1.1" 304 -
::1 - - [29/Dec/2022:00:58:07 +0000] "GET /public/js/logout.js HTTP/1.1" 304 -
::1 - - [29/Dec/2022:00:58:07 +0000] "GET /public/img/undraw_profile.svg HTTP/1.1" 304 -
::1 - - [29/Dec/2022:00:58:16 +0000] "GET /moh-list HTTP/1.1" 302 46
::1 - - [29/Dec/2022:00:58:16 +0000] "GET / HTTP/1.1" 304 -
::1 - - [29/Dec/2022:00:58:16 +0000] "GET /public/vendor/fontawesome-free/css/all.min.css HTTP/1.1" 304 -
::1 - - [29/Dec/2022:00:58:16 +0000] "GET /public/css/sb-admin-2.min.css HTTP/1.1" 304 -
::1 - - [29/Dec/2022:00:58:16 +0000] "GET /public/vendor/jquery/jquery.min.js HTTP/1.1" 304 -
::1 - - [29/Dec/2022:00:58:16 +0000] "GET /public/vendor/bootstrap/js/bootstrap.bundle.min.js HTTP/1.1" 304 -
::1 - - [29/Dec/2022:00:58:16 +0000] "GET /public/js/sb-admin-2.min.js HTTP/1.1" 304 -
::1 - - [29/Dec/2022:00:58:16 +0000] "GET /public/vendor/jquery-easing/jquery.easing.min.js HTTP/1.1" 304 -
::1 - - [29/Dec/2022:02:21:51 +0000] "POST /dashboard HTTP/1.1" 200 235520
::1 - - [29/Dec/2022:02:21:51 +0000] "GET /public/vendor/fontawesome-free/css/all.min.css HTTP/1.1" 304 -
::1 - - [29/Dec/2022:02:21:51 +0000] "GET /public/css/sb-admin-2.min.css HTTP/1.1" 304 -
::1 - - [29/Dec/2022:02:21:51 +0000] "GET /public/css/style.css HTTP/1.1" 304 -
::1 - - [29/Dec/2022:02:21:51 +0000] "GET /public/vendor/datatables/dataTables.bootstrap4.min.css HTTP/1.1" 304 -
::1 - - [29/Dec/2022:02:21:51 +0000] "GET /public/vendor/jquery/jquery.min.js HTTP/1.1" 304 -
::1 - - [29/Dec/2022:02:21:51 +0000] "GET /public/vendor/bootstrap/js/bootstrap.bundle.min.js HTTP/1.1" 304 -
::1 - - [29/Dec/2022:02:21:51 +0000] "GET /public/vendor/jquery-easing/jquery.easing.min.js HTTP/1.1" 304 -
::1 - - [29/Dec/2022:02:21:51 +0000] "GET /public/js/sb-admin-2.min.js HTTP/1.1" 304 -
::1 - - [29/Dec/2022:02:21:51 +0000] "GET /public/vendor/datatables/jquery.dataTables.min.js HTTP/1.1" 304 -
::1 - - [29/Dec/2022:02:21:51 +0000] "GET /public/vendor/datatables/dataTables.bootstrap4.min.js HTTP/1.1" 304 -
::1 - - [29/Dec/2022:02:21:51 +0000] "GET /public/js/demo/datatables-demo.js HTTP/1.1" 304 -
::1 - - [29/Dec/2022:02:21:51 +0000] "GET /public/js/clock.js HTTP/1.1" 304 -
::1 - - [29/Dec/2022:02:21:51 +0000] "GET /public/js/newinventory.js HTTP/1.1" 304 -
::1 - - [29/Dec/2022:02:21:51 +0000] "GET /public/js/logout.js HTTP/1.1" 304 -
::1 - - [29/Dec/2022:02:21:51 +0000] "GET /public/img/undraw_profile.svg HTTP/1.1" 304 -
::1 - - [29/Dec/2022:02:21:51 +0000] "GET /public/vendor/fontawesome-free/webfonts/fa-solid-900.woff2 HTTP/1.1" 304 -
::1 - - [29/Dec/2022:02:21:55 +0000] "GET /success HTTP/1.1" 200 41859
::1 - - [29/Dec/2022:02:21:55 +0000] "GET /public/vendor/fontawesome-free/css/all.min.css HTTP/1.1" 304 -
::1 - - [29/Dec/2022:02:21:55 +0000] "GET /public/css/sb-admin-2.min.css HTTP/1.1" 304 -
::1 - - [29/Dec/2022:02:21:55 +0000] "GET /public/css/style.css HTTP/1.1" 304 -
::1 - - [29/Dec/2022:02:21:55 +0000] "GET /public/vendor/datatables/dataTables.bootstrap4.min.css HTTP/1.1" 304 -
::1 - - [29/Dec/2022:02:21:55 +0000] "GET /public/vendor/jquery/jquery.min.js HTTP/1.1" 304 -
::1 - - [29/Dec/2022:02:21:55 +0000] "GET /public/vendor/bootstrap/js/bootstrap.bundle.min.js HTTP/1.1" 304 -
::1 - - [29/Dec/2022:02:21:55 +0000] "GET /public/vendor/jquery-easing/jquery.easing.min.js HTTP/1.1" 304 -
::1 - - [29/Dec/2022:02:21:55 +0000] "GET /public/js/sb-admin-2.min.js HTTP/1.1" 304 -
::1 - - [29/Dec/2022:02:21:55 +0000] "GET /public/vendor/datatables/jquery.dataTables.min.js HTTP/1.1" 304 -
::1 - - [29/Dec/2022:02:21:55 +0000] "GET /public/vendor/datatables/dataTables.bootstrap4.min.js HTTP/1.1" 304 -
::1 - - [29/Dec/2022:02:21:55 +0000] "GET /public/js/demo/datatables-demo.js HTTP/1.1" 304 -
::1 - - [29/Dec/2022:02:21:55 +0000] "GET /public/js/clock.js HTTP/1.1" 304 -
::1 - - [29/Dec/2022:02:21:55 +0000] "GET /public/js/newinventory.js HTTP/1.1" 304 -
::1 - - [29/Dec/2022:02:21:55 +0000] "GET /public/js/logout.js HTTP/1.1" 304 -
::1 - - [29/Dec/2022:02:21:55 +0000] "GET /public/img/undraw_profile.svg HTTP/1.1" 304 -
::1 - - [29/Dec/2022:02:22:51 +0000] "GET /success HTTP/1.1" 500 2301
::1 - - [29/Dec/2022:02:22:57 +0000] "GET / HTTP/1.1" 304 -
::1 - - [29/Dec/2022:02:22:57 +0000] "GET /public/vendor/fontawesome-free/css/all.min.css HTTP/1.1" 304 -
::1 - - [29/Dec/2022:02:22:57 +0000] "GET /public/css/sb-admin-2.min.css HTTP/1.1" 304 -
::1 - - [29/Dec/2022:02:22:57 +0000] "GET /public/vendor/bootstrap/js/bootstrap.bundle.min.js HTTP/1.1" 304 -
::1 - - [29/Dec/2022:02:22:57 +0000] "GET /public/vendor/jquery/jquery.min.js HTTP/1.1" 304 -
::1 - - [29/Dec/2022:02:22:57 +0000] "GET /public/vendor/jquery-easing/jquery.easing.min.js HTTP/1.1" 304 -
::1 - - [29/Dec/2022:02:22:57 +0000] "GET /public/js/sb-admin-2.min.js HTTP/1.1" 304 -
::1 - - [29/Dec/2022:02:22:57 +0000] "GET /public/img/4002758.jpg HTTP/1.1" 304 -
::1 - - [29/Dec/2022:02:22:59 +0000] "POST /dashboard HTTP/1.1" 200 235520
::1 - - [29/Dec/2022:02:22:59 +0000] "GET /public/vendor/fontawesome-free/css/all.min.css HTTP/1.1" 304 -
::1 - - [29/Dec/2022:02:22:59 +0000] "GET /public/css/sb-admin-2.min.css HTTP/1.1" 304 -
::1 - - [29/Dec/2022:02:22:59 +0000] "GET /public/css/style.css HTTP/1.1" 304 -
::1 - - [29/Dec/2022:02:22:59 +0000] "GET /public/vendor/datatables/dataTables.bootstrap4.min.css HTTP/1.1" 304 -
::1 - - [29/Dec/2022:02:22:59 +0000] "GET /public/vendor/jquery/jquery.min.js HTTP/1.1" 304 -
::1 - - [29/Dec/2022:02:22:59 +0000] "GET /public/vendor/bootstrap/js/bootstrap.bundle.min.js HTTP/1.1" 304 -
::1 - - [29/Dec/2022:02:22:59 +0000] "GET /public/vendor/jquery-easing/jquery.easing.min.js HTTP/1.1" 304 -
::1 - - [29/Dec/2022:02:22:59 +0000] "GET /public/js/sb-admin-2.min.js HTTP/1.1" 304 -
::1 - - [29/Dec/2022:02:22:59 +0000] "GET /public/vendor/datatables/jquery.dataTables.min.js HTTP/1.1" 304 -
::1 - - [29/Dec/2022:02:22:59 +0000] "GET /public/vendor/datatables/dataTables.bootstrap4.min.js HTTP/1.1" 304 -
::1 - - [29/Dec/2022:02:22:59 +0000] "GET /public/js/demo/datatables-demo.js HTTP/1.1" 304 -
::1 - - [29/Dec/2022:02:22:59 +0000] "GET /public/js/clock.js HTTP/1.1" 304 -
::1 - - [29/Dec/2022:02:22:59 +0000] "GET /public/js/newinventory.js HTTP/1.1" 304 -
::1 - - [29/Dec/2022:02:22:59 +0000] "GET /public/js/logout.js HTTP/1.1" 304 -
::1 - - [29/Dec/2022:02:22:59 +0000] "GET /public/img/undraw_profile.svg HTTP/1.1" 304 -
::1 - - [29/Dec/2022:02:23:03 +0000] "GET /success HTTP/1.1" 200 41876
::1 - - [29/Dec/2022:02:23:03 +0000] "GET /public/vendor/fontawesome-free/css/all.min.css HTTP/1.1" 304 -
::1 - - [29/Dec/2022:02:23:03 +0000] "GET /public/css/sb-admin-2.min.css HTTP/1.1" 304 -
::1 - - [29/Dec/2022:02:23:03 +0000] "GET /public/css/style.css HTTP/1.1" 304 -
::1 - - [29/Dec/2022:02:23:03 +0000] "GET /public/vendor/datatables/dataTables.bootstrap4.min.css HTTP/1.1" 304 -
::1 - - [29/Dec/2022:02:23:03 +0000] "GET /public/vendor/jquery/jquery.min.js HTTP/1.1" 304 -
::1 - - [29/Dec/2022:02:23:03 +0000] "GET /public/vendor/bootstrap/js/bootstrap.bundle.min.js HTTP/1.1" 304 -
::1 - - [29/Dec/2022:02:23:03 +0000] "GET /public/vendor/jquery-easing/jquery.easing.min.js HTTP/1.1" 304 -
::1 - - [29/Dec/2022:02:23:03 +0000] "GET /public/js/sb-admin-2.min.js HTTP/1.1" 304 -
::1 - - [29/Dec/2022:02:23:03 +0000] "GET /public/vendor/datatables/jquery.dataTables.min.js HTTP/1.1" 304 -
::1 - - [29/Dec/2022:02:23:03 +0000] "GET /public/vendor/datatables/dataTables.bootstrap4.min.js HTTP/1.1" 304 -
::1 - - [29/Dec/2022:02:23:03 +0000] "GET /public/js/demo/datatables-demo.js HTTP/1.1" 304 -
::1 - - [29/Dec/2022:02:23:03 +0000] "GET /public/js/clock.js HTTP/1.1" 304 -
::1 - - [29/Dec/2022:02:23:03 +0000] "GET /public/js/newinventory.js HTTP/1.1" 304 -
::1 - - [29/Dec/2022:02:23:03 +0000] "GET /public/js/logout.js HTTP/1.1" 304 -
::1 - - [29/Dec/2022:02:23:03 +0000] "GET /public/img/undraw_profile.svg HTTP/1.1" 304 -
::1 - - [29/Dec/2022:02:23:26 +0000] "GET /success HTTP/1.1" 500 2301
::1 - - [29/Dec/2022:02:23:29 +0000] "GET / HTTP/1.1" 304 -
::1 - - [29/Dec/2022:02:23:29 +0000] "GET /public/vendor/fontawesome-free/css/all.min.css HTTP/1.1" 304 -
::1 - - [29/Dec/2022:02:23:29 +0000] "GET /public/css/sb-admin-2.min.css HTTP/1.1" 304 -
::1 - - [29/Dec/2022:02:23:29 +0000] "GET /public/vendor/jquery/jquery.min.js HTTP/1.1" 304 -
::1 - - [29/Dec/2022:02:23:29 +0000] "GET /public/vendor/bootstrap/js/bootstrap.bundle.min.js HTTP/1.1" 304 -
::1 - - [29/Dec/2022:02:23:29 +0000] "GET /public/vendor/jquery-easing/jquery.easing.min.js HTTP/1.1" 304 -
::1 - - [29/Dec/2022:02:23:29 +0000] "GET /public/js/sb-admin-2.min.js HTTP/1.1" 304 -
::1 - - [29/Dec/2022:02:23:31 +0000] "POST /dashboard HTTP/1.1" 200 235520
::1 - - [29/Dec/2022:02:23:31 +0000] "GET /public/vendor/fontawesome-free/css/all.min.css HTTP/1.1" 304 -
::1 - - [29/Dec/2022:02:23:31 +0000] "GET /public/css/sb-admin-2.min.css HTTP/1.1" 304 -
::1 - - [29/Dec/2022:02:23:31 +0000] "GET /public/css/style.css HTTP/1.1" 304 -
::1 - - [29/Dec/2022:02:23:31 +0000] "GET /public/vendor/datatables/dataTables.bootstrap4.min.css HTTP/1.1" 304 -
::1 - - [29/Dec/2022:02:23:31 +0000] "GET /public/vendor/jquery/jquery.min.js HTTP/1.1" 304 -
::1 - - [29/Dec/2022:02:23:31 +0000] "GET /public/vendor/bootstrap/js/bootstrap.bundle.min.js HTTP/1.1" 304 -
::1 - - [29/Dec/2022:02:23:31 +0000] "GET /public/vendor/jquery-easing/jquery.easing.min.js HTTP/1.1" 304 -
::1 - - [29/Dec/2022:02:23:31 +0000] "GET /public/js/sb-admin-2.min.js HTTP/1.1" 304 -
::1 - - [29/Dec/2022:02:23:31 +0000] "GET /public/vendor/datatables/jquery.dataTables.min.js HTTP/1.1" 304 -
::1 - - [29/Dec/2022:02:23:31 +0000] "GET /public/vendor/datatables/dataTables.bootstrap4.min.js HTTP/1.1" 304 -
::1 - - [29/Dec/2022:02:23:31 +0000] "GET /public/js/demo/datatables-demo.js HTTP/1.1" 304 -
::1 - - [29/Dec/2022:02:23:31 +0000] "GET /public/js/clock.js HTTP/1.1" 304 -
::1 - - [29/Dec/2022:02:23:31 +0000] "GET /public/js/newinventory.js HTTP/1.1" 304 -
::1 - - [29/Dec/2022:02:23:31 +0000] "GET /public/js/logout.js HTTP/1.1" 304 -
::1 - - [29/Dec/2022:02:23:31 +0000] "GET /public/img/undraw_profile.svg HTTP/1.1" 304 -
::1 - - [29/Dec/2022:02:23:36 +0000] "GET /success HTTP/1.1" 200 41881
::1 - - [29/Dec/2022:02:23:36 +0000] "GET /public/vendor/fontawesome-free/css/all.min.css HTTP/1.1" 304 -
::1 - - [29/Dec/2022:02:23:36 +0000] "GET /public/css/sb-admin-2.min.css HTTP/1.1" 304 -
::1 - - [29/Dec/2022:02:23:36 +0000] "GET /public/css/style.css HTTP/1.1" 304 -
::1 - - [29/Dec/2022:02:23:36 +0000] "GET /public/vendor/datatables/dataTables.bootstrap4.min.css HTTP/1.1" 304 -
::1 - - [29/Dec/2022:02:23:36 +0000] "GET /public/vendor/jquery/jquery.min.js HTTP/1.1" 304 -
::1 - - [29/Dec/2022:02:23:36 +0000] "GET /public/vendor/bootstrap/js/bootstrap.bundle.min.js HTTP/1.1" 304 -
::1 - - [29/Dec/2022:02:23:37 +0000] "GET /public/vendor/jquery-easing/jquery.easing.min.js HTTP/1.1" 304 -
::1 - - [29/Dec/2022:02:23:37 +0000] "GET /public/js/sb-admin-2.min.js HTTP/1.1" 304 -
::1 - - [29/Dec/2022:02:23:37 +0000] "GET /public/vendor/datatables/jquery.dataTables.min.js HTTP/1.1" 304 -
::1 - - [29/Dec/2022:02:23:37 +0000] "GET /public/js/demo/datatables-demo.js HTTP/1.1" 304 -
::1 - - [29/Dec/2022:02:23:37 +0000] "GET /public/vendor/datatables/dataTables.bootstrap4.min.js HTTP/1.1" 304 -
::1 - - [29/Dec/2022:02:23:37 +0000] "GET /public/js/clock.js HTTP/1.1" 304 -
::1 - - [29/Dec/2022:02:23:37 +0000] "GET /public/js/newinventory.js HTTP/1.1" 304 -
::1 - - [29/Dec/2022:02:23:37 +0000] "GET /public/js/logout.js HTTP/1.1" 304 -
::1 - - [29/Dec/2022:02:23:37 +0000] "GET /public/img/undraw_profile.svg HTTP/1.1" 304 -
::1 - - [29/Dec/2022:02:23:52 +0000] "GET /moh-in HTTP/1.1" 302 46
::1 - - [29/Dec/2022:02:23:52 +0000] "GET / HTTP/1.1" 304 -
::1 - - [29/Dec/2022:02:23:52 +0000] "GET /public/vendor/fontawesome-free/css/all.min.css HTTP/1.1" 304 -
::1 - - [29/Dec/2022:02:23:52 +0000] "GET /public/css/sb-admin-2.min.css HTTP/1.1" 304 -
::1 - - [29/Dec/2022:02:23:52 +0000] "GET /public/vendor/bootstrap/js/bootstrap.bundle.min.js HTTP/1.1" 304 -
::1 - - [29/Dec/2022:02:23:52 +0000] "GET /public/vendor/jquery-easing/jquery.easing.min.js HTTP/1.1" 304 -
::1 - - [29/Dec/2022:02:23:52 +0000] "GET /public/vendor/jquery/jquery.min.js HTTP/1.1" 304 -
::1 - - [29/Dec/2022:02:23:52 +0000] "GET /public/js/sb-admin-2.min.js HTTP/1.1" 304 -
::1 - - [29/Dec/2022:02:23:52 +0000] "GET /public/img/4002758.jpg HTTP/1.1" 304 -
::1 - - [29/Dec/2022:02:23:58 +0000] "POST /dashboard HTTP/1.1" 200 235520
::1 - - [29/Dec/2022:02:23:58 +0000] "GET /public/vendor/fontawesome-free/css/all.min.css HTTP/1.1" 304 -
::1 - - [29/Dec/2022:02:23:58 +0000] "GET /public/css/sb-admin-2.min.css HTTP/1.1" 304 -
::1 - - [29/Dec/2022:02:23:58 +0000] "GET /public/css/style.css HTTP/1.1" 304 -
::1 - - [29/Dec/2022:02:23:58 +0000] "GET /public/vendor/datatables/dataTables.bootstrap4.min.css HTTP/1.1" 304 -
::1 - - [29/Dec/2022:02:23:58 +0000] "GET /public/vendor/jquery/jquery.min.js HTTP/1.1" 304 -
::1 - - [29/Dec/2022:02:23:58 +0000] "GET /public/vendor/bootstrap/js/bootstrap.bundle.min.js HTTP/1.1" 304 -
::1 - - [29/Dec/2022:02:23:58 +0000] "GET /public/vendor/jquery-easing/jquery.easing.min.js HTTP/1.1" 304 -
::1 - - [29/Dec/2022:02:23:58 +0000] "GET /public/js/sb-admin-2.min.js HTTP/1.1" 304 -
::1 - - [29/Dec/2022:02:23:58 +0000] "GET /public/vendor/datatables/jquery.dataTables.min.js HTTP/1.1" 304 -
::1 - - [29/Dec/2022:02:23:58 +0000] "GET /public/vendor/datatables/dataTables.bootstrap4.min.js HTTP/1.1" 304 -
::1 - - [29/Dec/2022:02:23:58 +0000] "GET /public/js/demo/datatables-demo.js HTTP/1.1" 304 -
::1 - - [29/Dec/2022:02:23:58 +0000] "GET /public/js/clock.js HTTP/1.1" 304 -
::1 - - [29/Dec/2022:02:23:58 +0000] "GET /public/vendor/fontawesome-free/webfonts/fa-solid-900.woff2 HTTP/1.1" 304 -
::1 - - [29/Dec/2022:02:23:58 +0000] "GET /public/img/undraw_profile.svg HTTP/1.1" 304 -
::1 - - [29/Dec/2022:02:23:58 +0000] "GET /public/js/newinventory.js HTTP/1.1" 304 -
::1 - - [29/Dec/2022:02:23:58 +0000] "GET /public/js/logout.js HTTP/1.1" 304 -
::1 - - [29/Dec/2022:02:24:10 +0000] "GET /moh-in HTTP/1.1" 302 46
::1 - - [29/Dec/2022:02:24:10 +0000] "GET / HTTP/1.1" 304 -
::1 - - [29/Dec/2022:02:24:11 +0000] "GET /public/vendor/fontawesome-free/css/all.min.css HTTP/1.1" 304 -
::1 - - [29/Dec/2022:02:24:11 +0000] "GET /public/css/sb-admin-2.min.css HTTP/1.1" 304 -
::1 - - [29/Dec/2022:02:24:11 +0000] "GET /public/vendor/jquery/jquery.min.js HTTP/1.1" 304 -
::1 - - [29/Dec/2022:02:24:11 +0000] "GET /public/vendor/bootstrap/js/bootstrap.bundle.min.js HTTP/1.1" 304 -
::1 - - [29/Dec/2022:02:24:11 +0000] "GET /public/vendor/jquery-easing/jquery.easing.min.js HTTP/1.1" 304 -
::1 - - [29/Dec/2022:02:24:11 +0000] "GET /public/js/sb-admin-2.min.js HTTP/1.1" 304 -
::1 - - [29/Dec/2022:02:24:13 +0000] "POST /dashboard HTTP/1.1" 200 235520
::1 - - [29/Dec/2022:02:24:13 +0000] "GET /public/vendor/fontawesome-free/css/all.min.css HTTP/1.1" 304 -
::1 - - [29/Dec/2022:02:24:13 +0000] "GET /public/css/sb-admin-2.min.css HTTP/1.1" 304 -
::1 - - [29/Dec/2022:02:24:13 +0000] "GET /public/css/style.css HTTP/1.1" 304 -
::1 - - [29/Dec/2022:02:24:13 +0000] "GET /public/vendor/datatables/dataTables.bootstrap4.min.css HTTP/1.1" 304 -
::1 - - [29/Dec/2022:02:24:13 +0000] "GET /public/vendor/jquery/jquery.min.js HTTP/1.1" 304 -
::1 - - [29/Dec/2022:02:24:13 +0000] "GET /public/vendor/bootstrap/js/bootstrap.bundle.min.js HTTP/1.1" 304 -
::1 - - [29/Dec/2022:02:24:13 +0000] "GET /public/vendor/jquery-easing/jquery.easing.min.js HTTP/1.1" 304 -
::1 - - [29/Dec/2022:02:24:13 +0000] "GET /public/js/sb-admin-2.min.js HTTP/1.1" 304 -
::1 - - [29/Dec/2022:02:24:13 +0000] "GET /public/vendor/datatables/jquery.dataTables.min.js HTTP/1.1" 304 -
::1 - - [29/Dec/2022:02:24:13 +0000] "GET /public/vendor/datatables/dataTables.bootstrap4.min.js HTTP/1.1" 304 -
::1 - - [29/Dec/2022:02:24:13 +0000] "GET /public/js/demo/datatables-demo.js HTTP/1.1" 304 -
::1 - - [29/Dec/2022:02:24:13 +0000] "GET /public/js/clock.js HTTP/1.1" 304 -
::1 - - [29/Dec/2022:02:24:13 +0000] "GET /public/js/newinventory.js HTTP/1.1" 304 -
::1 - - [29/Dec/2022:02:24:13 +0000] "GET /public/js/logout.js HTTP/1.1" 304 -
::1 - - [29/Dec/2022:02:24:13 +0000] "GET /public/img/undraw_profile.svg HTTP/1.1" 304 -
::1 - - [29/Dec/2022:02:24:15 +0000] "GET /pickup_list HTTP/1.1" 200 47639
::1 - - [29/Dec/2022:02:24:15 +0000] "GET /public/vendor/fontawesome-free/css/all.min.css HTTP/1.1" 304 -
::1 - - [29/Dec/2022:02:24:15 +0000] "GET /public/css/sb-admin-2.min.css HTTP/1.1" 304 -
::1 - - [29/Dec/2022:02:24:15 +0000] "GET /public/css/style.css HTTP/1.1" 304 -
::1 - - [29/Dec/2022:02:24:15 +0000] "GET /public/vendor/datatables/dataTables.bootstrap4.min.css HTTP/1.1" 304 -
::1 - - [29/Dec/2022:02:24:15 +0000] "GET /public/vendor/jquery/jquery.min.js HTTP/1.1" 304 -
::1 - - [29/Dec/2022:02:24:15 +0000] "GET /public/vendor/bootstrap/js/bootstrap.bundle.min.js HTTP/1.1" 304 -
::1 - - [29/Dec/2022:02:24:15 +0000] "GET /public/vendor/jquery-easing/jquery.easing.min.js HTTP/1.1" 304 -
::1 - - [29/Dec/2022:02:24:15 +0000] "GET /public/js/sb-admin-2.min.js HTTP/1.1" 304 -
::1 - - [29/Dec/2022:02:24:15 +0000] "GET /public/vendor/datatables/jquery.dataTables.min.js HTTP/1.1" 304 -
::1 - - [29/Dec/2022:02:24:15 +0000] "GET /public/vendor/datatables/dataTables.bootstrap4.min.js HTTP/1.1" 304 -
::1 - - [29/Dec/2022:02:24:15 +0000] "GET /public/js/demo/datatables-demo.js HTTP/1.1" 304 -
::1 - - [29/Dec/2022:02:24:15 +0000] "GET /public/js/clock.js HTTP/1.1" 304 -
::1 - - [29/Dec/2022:02:24:15 +0000] "GET /public/js/newinventory.js HTTP/1.1" 304 -
::1 - - [29/Dec/2022:02:24:15 +0000] "GET /public/js/logout.js HTTP/1.1" 304 -
::1 - - [29/Dec/2022:02:24:15 +0000] "GET /public/img/undraw_profile.svg HTTP/1.1" 304 -
::1 - - [29/Dec/2022:02:24:37 +0000] "GET /pickup_list HTTP/1.1" 302 46
::1 - - [29/Dec/2022:02:24:37 +0000] "GET / HTTP/1.1" 304 -
::1 - - [29/Dec/2022:02:24:37 +0000] "GET /public/vendor/fontawesome-free/css/all.min.css HTTP/1.1" 304 -
::1 - - [29/Dec/2022:02:24:37 +0000] "GET /public/css/sb-admin-2.min.css HTTP/1.1" 304 -
::1 - - [29/Dec/2022:02:24:37 +0000] "GET /public/vendor/jquery/jquery.min.js HTTP/1.1" 304 -
::1 - - [29/Dec/2022:02:24:37 +0000] "GET /public/vendor/bootstrap/js/bootstrap.bundle.min.js HTTP/1.1" 304 -
::1 - - [29/Dec/2022:02:24:37 +0000] "GET /public/vendor/jquery-easing/jquery.easing.min.js HTTP/1.1" 304 -
::1 - - [29/Dec/2022:02:24:37 +0000] "GET /public/js/sb-admin-2.min.js HTTP/1.1" 304 -
::1 - - [03/Jan/2023:02:57:27 +0000] "GET / HTTP/1.1" 304 -
::1 - - [03/Jan/2023:02:57:27 +0000] "GET /public/vendor/fontawesome-free/css/all.min.css HTTP/1.1" 304 -
::1 - - [03/Jan/2023:02:57:27 +0000] "GET /public/css/sb-admin-2.min.css HTTP/1.1" 304 -
::1 - - [03/Jan/2023:02:57:27 +0000] "GET /public/vendor/jquery/jquery.min.js HTTP/1.1" 304 -
::1 - - [03/Jan/2023:02:57:27 +0000] "GET /public/vendor/bootstrap/js/bootstrap.bundle.min.js HTTP/1.1" 304 -
::1 - - [03/Jan/2023:02:57:27 +0000] "GET /public/vendor/jquery-easing/jquery.easing.min.js HTTP/1.1" 304 -
::1 - - [03/Jan/2023:02:57:27 +0000] "GET /public/js/sb-admin-2.min.js HTTP/1.1" 304 -
::1 - - [03/Jan/2023:02:57:27 +0000] "GET /public/img/4002758.jpg HTTP/1.1" 304 -
::1 - - [03/Jan/2023:02:57:27 +0000] "GET /favicon.ico HTTP/1.1" 404 150
::1 - - [03/Jan/2023:02:57:31 +0000] "POST /dashboard HTTP/1.1" 200 235520
::1 - - [03/Jan/2023:02:57:31 +0000] "GET /public/vendor/fontawesome-free/css/all.min.css HTTP/1.1" 304 -
::1 - - [03/Jan/2023:02:57:31 +0000] "GET /public/css/sb-admin-2.min.css HTTP/1.1" 304 -
::1 - - [03/Jan/2023:02:57:31 +0000] "GET /public/vendor/datatables/dataTables.bootstrap4.min.css HTTP/1.1" 304 -
::1 - - [03/Jan/2023:02:57:31 +0000] "GET /public/css/style.css HTTP/1.1" 304 -
::1 - - [03/Jan/2023:02:57:31 +0000] "GET /public/vendor/jquery/jquery.min.js HTTP/1.1" 304 -
::1 - - [03/Jan/2023:02:57:31 +0000] "GET /public/vendor/bootstrap/js/bootstrap.bundle.min.js HTTP/1.1" 304 -
::1 - - [03/Jan/2023:02:57:31 +0000] "GET /public/vendor/jquery-easing/jquery.easing.min.js HTTP/1.1" 304 -
::1 - - [03/Jan/2023:02:57:31 +0000] "GET /public/js/sb-admin-2.min.js HTTP/1.1" 304 -
::1 - - [03/Jan/2023:02:57:31 +0000] "GET /public/vendor/datatables/jquery.dataTables.min.js HTTP/1.1" 304 -
::1 - - [03/Jan/2023:02:57:31 +0000] "GET /public/vendor/datatables/dataTables.bootstrap4.min.js HTTP/1.1" 304 -
::1 - - [03/Jan/2023:02:57:31 +0000] "GET /public/js/demo/datatables-demo.js HTTP/1.1" 304 -
::1 - - [03/Jan/2023:02:57:31 +0000] "GET /public/js/clock.js HTTP/1.1" 304 -
::1 - - [03/Jan/2023:02:57:31 +0000] "GET /public/js/newinventory.js HTTP/1.1" 304 -
::1 - - [03/Jan/2023:02:57:31 +0000] "GET /public/js/logout.js HTTP/1.1" 304 -
::1 - - [03/Jan/2023:02:57:31 +0000] "GET /public/img/undraw_profile.svg HTTP/1.1" 304 -
::1 - - [03/Jan/2023:02:57:31 +0000] "GET /public/vendor/fontawesome-free/webfonts/fa-solid-900.woff2 HTTP/1.1" 304 -
::1 - - [03/Jan/2023:02:57:50 +0000] "GET /dashboard HTTP/1.1" 200 235520
::1 - - [03/Jan/2023:02:57:50 +0000] "GET /public/vendor/fontawesome-free/css/all.min.css HTTP/1.1" 304 -
::1 - - [03/Jan/2023:02:57:50 +0000] "GET /public/css/sb-admin-2.min.css HTTP/1.1" 304 -
::1 - - [03/Jan/2023:02:57:50 +0000] "GET /public/css/style.css HTTP/1.1" 304 -
::1 - - [03/Jan/2023:02:57:50 +0000] "GET /public/vendor/datatables/dataTables.bootstrap4.min.css HTTP/1.1" 304 -
::1 - - [03/Jan/2023:02:57:50 +0000] "GET /public/vendor/jquery/jquery.min.js HTTP/1.1" 304 -
::1 - - [03/Jan/2023:02:57:50 +0000] "GET /public/vendor/bootstrap/js/bootstrap.bundle.min.js HTTP/1.1" 304 -
::1 - - [03/Jan/2023:02:57:50 +0000] "GET /public/vendor/jquery-easing/jquery.easing.min.js HTTP/1.1" 304 -
::1 - - [03/Jan/2023:02:57:50 +0000] "GET /public/js/sb-admin-2.min.js HTTP/1.1" 304 -
::1 - - [03/Jan/2023:02:57:50 +0000] "GET /public/vendor/datatables/jquery.dataTables.min.js HTTP/1.1" 304 -
::1 - - [03/Jan/2023:02:57:50 +0000] "GET /public/vendor/datatables/dataTables.bootstrap4.min.js HTTP/1.1" 304 -
::1 - - [03/Jan/2023:02:57:50 +0000] "GET /public/js/clock.js HTTP/1.1" 304 -
::1 - - [03/Jan/2023:02:57:50 +0000] "GET /public/js/demo/datatables-demo.js HTTP/1.1" 304 -
::1 - - [03/Jan/2023:02:57:50 +0000] "GET /public/js/newinventory.js HTTP/1.1" 304 -
::1 - - [03/Jan/2023:02:57:50 +0000] "GET /public/js/logout.js HTTP/1.1" 304 -
::1 - - [03/Jan/2023:02:57:50 +0000] "GET /public/img/undraw_profile.svg HTTP/1.1" 304 -
::1 - - [03/Jan/2023:02:58:44 +0000] "GET /dashboard HTTP/1.1" 500 2263
::1 - - [03/Jan/2023:02:58:52 +0000] "POST /dashboard HTTP/1.1" 200 235520
::1 - - [03/Jan/2023:02:58:52 +0000] "GET /public/vendor/fontawesome-free/css/all.min.css HTTP/1.1" 304 -
::1 - - [03/Jan/2023:02:58:52 +0000] "GET /public/css/sb-admin-2.min.css HTTP/1.1" 304 -
::1 - - [03/Jan/2023:02:58:52 +0000] "GET /public/css/style.css HTTP/1.1" 304 -
::1 - - [03/Jan/2023:02:58:52 +0000] "GET /public/vendor/datatables/dataTables.bootstrap4.min.css HTTP/1.1" 304 -
::1 - - [03/Jan/2023:02:58:52 +0000] "GET /public/vendor/jquery/jquery.min.js HTTP/1.1" 304 -
::1 - - [03/Jan/2023:02:58:52 +0000] "GET /public/vendor/bootstrap/js/bootstrap.bundle.min.js HTTP/1.1" 304 -
::1 - - [03/Jan/2023:02:58:52 +0000] "GET /public/vendor/jquery-easing/jquery.easing.min.js HTTP/1.1" 304 -
::1 - - [03/Jan/2023:02:58:52 +0000] "GET /public/js/sb-admin-2.min.js HTTP/1.1" 304 -
::1 - - [03/Jan/2023:02:58:52 +0000] "GET /public/vendor/datatables/jquery.dataTables.min.js HTTP/1.1" 304 -
::1 - - [03/Jan/2023:02:58:52 +0000] "GET /public/vendor/datatables/dataTables.bootstrap4.min.js HTTP/1.1" 304 -
::1 - - [03/Jan/2023:02:58:52 +0000] "GET /public/js/demo/datatables-demo.js HTTP/1.1" 304 -
::1 - - [03/Jan/2023:02:58:52 +0000] "GET /public/js/clock.js HTTP/1.1" 304 -
::1 - - [03/Jan/2023:02:58:52 +0000] "GET /public/js/newinventory.js HTTP/1.1" 304 -
::1 - - [03/Jan/2023:02:58:52 +0000] "GET /public/js/logout.js HTTP/1.1" 304 -
::1 - - [03/Jan/2023:02:58:52 +0000] "GET /public/img/undraw_profile.svg HTTP/1.1" 304 -
::1 - - [03/Jan/2023:02:58:55 +0000] "GET /dashboard HTTP/1.1" 200 235520
::1 - - [03/Jan/2023:02:58:55 +0000] "GET /public/vendor/fontawesome-free/css/all.min.css HTTP/1.1" 304 -
::1 - - [03/Jan/2023:02:58:55 +0000] "GET /public/css/sb-admin-2.min.css HTTP/1.1" 304 -
::1 - - [03/Jan/2023:02:58:55 +0000] "GET /public/css/style.css HTTP/1.1" 304 -
::1 - - [03/Jan/2023:02:58:55 +0000] "GET /public/vendor/datatables/dataTables.bootstrap4.min.css HTTP/1.1" 304 -
::1 - - [03/Jan/2023:02:58:55 +0000] "GET /public/vendor/jquery/jquery.min.js HTTP/1.1" 304 -
::1 - - [03/Jan/2023:02:58:55 +0000] "GET /public/vendor/bootstrap/js/bootstrap.bundle.min.js HTTP/1.1" 304 -
::1 - - [03/Jan/2023:02:58:55 +0000] "GET /public/vendor/jquery-easing/jquery.easing.min.js HTTP/1.1" 304 -
::1 - - [03/Jan/2023:02:58:55 +0000] "GET /public/js/sb-admin-2.min.js HTTP/1.1" 304 -
::1 - - [03/Jan/2023:02:58:55 +0000] "GET /public/vendor/datatables/jquery.dataTables.min.js HTTP/1.1" 304 -
::1 - - [03/Jan/2023:02:58:55 +0000] "GET /public/vendor/datatables/dataTables.bootstrap4.min.js HTTP/1.1" 304 -
::1 - - [03/Jan/2023:02:58:55 +0000] "GET /public/js/demo/datatables-demo.js HTTP/1.1" 304 -
::1 - - [03/Jan/2023:02:58:55 +0000] "GET /public/js/clock.js HTTP/1.1" 304 -
::1 - - [03/Jan/2023:02:58:55 +0000] "GET /public/js/newinventory.js HTTP/1.1" 304 -
::1 - - [03/Jan/2023:02:58:55 +0000] "GET /public/js/logout.js HTTP/1.1" 304 -
::1 - - [03/Jan/2023:02:58:55 +0000] "GET /public/img/undraw_profile.svg HTTP/1.1" 304 -
::1 - - [03/Jan/2023:02:59:53 +0000] "GET /dashboard HTTP/1.1" 500 2263
